<?xml version="1.0" encoding="UTF-8"?>
<testsuite xmlns:xsi="http://www.w3.org/2001/XMLSchema-instance" xsi:noNamespaceSchemaLocation="https://maven.apache.org/surefire/maven-surefire-plugin/xsd/surefire-test-report.xsd" version="3.0.2" name="com.bugtracker.service_ingestion.ServiceIngestionApplicationTests" time="2.363" tests="1" errors="0" skipped="0" failures="0">
  <properties>
    <property name="java.specification.version" value="17"/>
    <property name="sun.jnu.encoding" value="UTF-8"/>
    <property name="java.class.path" value="/home/jude/Documents/Bug tracker/bugtracker-system/service-ingestion/target/test-classes:/home/jude/Documents/Bug tracker/bugtracker-system/service-ingestion/target/classes:/home/jude/.m2/repository/org/springframework/boot/spring-boot-starter-web/3.5.0/spring-boot-starter-web-3.5.0.jar:/home/jude/.m2/repository/org/springframework/boot/spring-boot-starter/3.5.0/spring-boot-starter-3.5.0.jar:/home/jude/.m2/repository/org/springframework/boot/spring-boot-starter-logging/3.5.0/spring-boot-starter-logging-3.5.0.jar:/home/jude/.m2/repository/org/apache/logging/log4j/log4j-to-slf4j/2.24.3/log4j-to-slf4j-2.24.3.jar:/home/jude/.m2/repository/org/apache/logging/log4j/log4j-api/2.24.3/log4j-api-2.24.3.jar:/home/jude/.m2/repository/org/slf4j/jul-to-slf4j/2.0.17/jul-to-slf4j-2.0.17.jar:/home/jude/.m2/repository/jakarta/annotation/jakarta.annotation-api/2.1.1/jakarta.annotation-api-2.1.1.jar:/home/jude/.m2/repository/org/yaml/snakeyaml/2.4/snakeyaml-2.4.jar:/home/jude/.m2/repository/org/springframework/boot/spring-boot-starter-json/3.5.0/spring-boot-starter-json-3.5.0.jar:/home/jude/.m2/repository/com/fasterxml/jackson/core/jackson-databind/2.19.0/jackson-databind-2.19.0.jar:/home/jude/.m2/repository/com/fasterxml/jackson/core/jackson-annotations/2.19.0/jackson-annotations-2.19.0.jar:/home/jude/.m2/repository/com/fasterxml/jackson/core/jackson-core/2.19.0/jackson-core-2.19.0.jar:/home/jude/.m2/repository/com/fasterxml/jackson/datatype/jackson-datatype-jdk8/2.19.0/jackson-datatype-jdk8-2.19.0.jar:/home/jude/.m2/repository/com/fasterxml/jackson/datatype/jackson-datatype-jsr310/2.19.0/jackson-datatype-jsr310-2.19.0.jar:/home/jude/.m2/repository/com/fasterxml/jackson/module/jackson-module-parameter-names/2.19.0/jackson-module-parameter-names-2.19.0.jar:/home/jude/.m2/repository/org/springframework/boot/spring-boot-starter-tomcat/3.5.0/spring-boot-starter-tomcat-3.5.0.jar:/home/jude/.m2/repository/org/apache/tomcat/embed/tomcat-embed-core/10.1.41/tomcat-embed-core-10.1.41.jar:/home/jude/.m2/repository/org/apache/tomcat/embed/tomcat-embed-websocket/10.1.41/tomcat-embed-websocket-10.1.41.jar:/home/jude/.m2/repository/org/springframework/spring-web/6.2.7/spring-web-6.2.7.jar:/home/jude/.m2/repository/org/springframework/spring-beans/6.2.7/spring-beans-6.2.7.jar:/home/jude/.m2/repository/org/springframework/spring-webmvc/6.2.7/spring-webmvc-6.2.7.jar:/home/jude/.m2/repository/org/springframework/spring-aop/6.2.7/spring-aop-6.2.7.jar:/home/jude/.m2/repository/org/springframework/spring-expression/6.2.7/spring-expression-6.2.7.jar:/home/jude/.m2/repository/org/springframework/kafka/spring-kafka/3.3.6/spring-kafka-3.3.6.jar:/home/jude/.m2/repository/org/springframework/spring-context/6.2.7/spring-context-6.2.7.jar:/home/jude/.m2/repository/org/springframework/spring-messaging/6.2.7/spring-messaging-6.2.7.jar:/home/jude/.m2/repository/org/springframework/spring-tx/6.2.7/spring-tx-6.2.7.jar:/home/jude/.m2/repository/org/springframework/retry/spring-retry/2.0.12/spring-retry-2.0.12.jar:/home/jude/.m2/repository/org/apache/kafka/kafka-clients/3.9.1/kafka-clients-3.9.1.jar:/home/jude/.m2/repository/com/github/luben/zstd-jni/1.5.6-4/zstd-jni-1.5.6-4.jar:/home/jude/.m2/repository/org/lz4/lz4-java/1.8.0/lz4-java-1.8.0.jar:/home/jude/.m2/repository/org/xerial/snappy/snappy-java/1.1.10.5/snappy-java-1.1.10.5.jar:/home/jude/.m2/repository/org/slf4j/slf4j-api/2.0.17/slf4j-api-2.0.17.jar:/home/jude/.m2/repository/io/micrometer/micrometer-observation/1.15.0/micrometer-observation-1.15.0.jar:/home/jude/.m2/repository/io/micrometer/micrometer-commons/1.15.0/micrometer-commons-1.15.0.jar:/home/jude/.m2/repository/org/springframework/boot/spring-boot-devtools/3.5.0/spring-boot-devtools-3.5.0.jar:/home/jude/.m2/repository/org/springframework/boot/spring-boot/3.5.0/spring-boot-3.5.0.jar:/home/jude/.m2/repository/org/springframework/boot/spring-boot-autoconfigure/3.5.0/spring-boot-autoconfigure-3.5.0.jar:/home/jude/.m2/repository/com/h2database/h2/2.3.232/h2-2.3.232.jar:/home/jude/.m2/repository/org/projectlombok/lombok/1.18.38/lombok-1.18.38.jar:/home/jude/.m2/repository/org/springframework/boot/spring-boot-starter-test/3.5.0/spring-boot-starter-test-3.5.0.jar:/home/jude/.m2/repository/org/springframework/boot/spring-boot-test/3.5.0/spring-boot-test-3.5.0.jar:/home/jude/.m2/repository/org/springframework/boot/spring-boot-test-autoconfigure/3.5.0/spring-boot-test-autoconfigure-3.5.0.jar:/home/jude/.m2/repository/com/jayway/jsonpath/json-path/2.9.0/json-path-2.9.0.jar:/home/jude/.m2/repository/jakarta/xml/bind/jakarta.xml.bind-api/4.0.2/jakarta.xml.bind-api-4.0.2.jar:/home/jude/.m2/repository/jakarta/activation/jakarta.activation-api/2.1.3/jakarta.activation-api-2.1.3.jar:/home/jude/.m2/repository/net/minidev/json-smart/2.5.2/json-smart-2.5.2.jar:/home/jude/.m2/repository/net/minidev/accessors-smart/2.5.2/accessors-smart-2.5.2.jar:/home/jude/.m2/repository/org/ow2/asm/asm/9.7.1/asm-9.7.1.jar:/home/jude/.m2/repository/org/assertj/assertj-core/3.27.3/assertj-core-3.27.3.jar:/home/jude/.m2/repository/net/bytebuddy/byte-buddy/1.17.5/byte-buddy-1.17.5.jar:/home/jude/.m2/repository/org/awaitility/awaitility/4.3.0/awaitility-4.3.0.jar:/home/jude/.m2/repository/org/hamcrest/hamcrest/3.0/hamcrest-3.0.jar:/home/jude/.m2/repository/org/junit/jupiter/junit-jupiter/5.12.2/junit-jupiter-5.12.2.jar:/home/jude/.m2/repository/org/junit/jupiter/junit-jupiter-params/5.12.2/junit-jupiter-params-5.12.2.jar:/home/jude/.m2/repository/org/junit/jupiter/junit-jupiter-engine/5.12.2/junit-jupiter-engine-5.12.2.jar:/home/jude/.m2/repository/org/mockito/mockito-core/5.17.0/mockito-core-5.17.0.jar:/home/jude/.m2/repository/net/bytebuddy/byte-buddy-agent/1.17.5/byte-buddy-agent-1.17.5.jar:/home/jude/.m2/repository/org/objenesis/objenesis/3.3/objenesis-3.3.jar:/home/jude/.m2/repository/org/mockito/mockito-junit-jupiter/5.17.0/mockito-junit-jupiter-5.17.0.jar:/home/jude/.m2/repository/org/skyscreamer/jsonassert/1.5.3/jsonassert-1.5.3.jar:/home/jude/.m2/repository/com/vaadin/external/google/android-json/0.0.20131108.vaadin1/android-json-0.0.20131108.vaadin1.jar:/home/jude/.m2/repository/org/springframework/spring-core/6.2.7/spring-core-6.2.7.jar:/home/jude/.m2/repository/org/springframework/spring-jcl/6.2.7/spring-jcl-6.2.7.jar:/home/jude/.m2/repository/org/springframework/spring-test/6.2.7/spring-test-6.2.7.jar:/home/jude/.m2/repository/org/xmlunit/xmlunit-core/2.10.1/xmlunit-core-2.10.1.jar:/home/jude/.m2/repository/org/springframework/kafka/spring-kafka-test/3.3.6/spring-kafka-test-3.3.6.jar:/home/jude/.m2/repository/org/apache/zookeeper/zookeeper/3.8.4/zookeeper-3.8.4.jar:/home/jude/.m2/repository/org/apache/zookeeper/zookeeper-jute/3.8.4/zookeeper-jute-3.8.4.jar:/home/jude/.m2/repository/org/apache/yetus/audience-annotations/0.12.0/audience-annotations-0.12.0.jar:/home/jude/.m2/repository/io/netty/netty-handler/4.1.121.Final/netty-handler-4.1.121.Final.jar:/home/jude/.m2/repository/io/netty/netty-common/4.1.121.Final/netty-common-4.1.121.Final.jar:/home/jude/.m2/repository/io/netty/netty-resolver/4.1.121.Final/netty-resolver-4.1.121.Final.jar:/home/jude/.m2/repository/io/netty/netty-buffer/4.1.121.Final/netty-buffer-4.1.121.Final.jar:/home/jude/.m2/repository/io/netty/netty-transport/4.1.121.Final/netty-transport-4.1.121.Final.jar:/home/jude/.m2/repository/io/netty/netty-transport-native-unix-common/4.1.121.Final/netty-transport-native-unix-common-4.1.121.Final.jar:/home/jude/.m2/repository/io/netty/netty-codec/4.1.121.Final/netty-codec-4.1.121.Final.jar:/home/jude/.m2/repository/io/netty/netty-transport-native-epoll/4.1.121.Final/netty-transport-native-epoll-4.1.121.Final.jar:/home/jude/.m2/repository/io/netty/netty-transport-classes-epoll/4.1.121.Final/netty-transport-classes-epoll-4.1.121.Final.jar:/home/jude/.m2/repository/ch/qos/logback/logback-core/1.5.18/logback-core-1.5.18.jar:/home/jude/.m2/repository/ch/qos/logback/logback-classic/1.5.18/logback-classic-1.5.18.jar:/home/jude/.m2/repository/commons-io/commons-io/2.11.0/commons-io-2.11.0.jar:/home/jude/.m2/repository/org/apache/kafka/kafka-clients/3.9.1/kafka-clients-3.9.1-test.jar:/home/jude/.m2/repository/org/apache/kafka/kafka-server/3.9.1/kafka-server-3.9.1.jar:/home/jude/.m2/repository/org/apache/kafka/kafka-storage/3.9.1/kafka-storage-3.9.1.jar:/home/jude/.m2/repository/com/github/ben-manes/caffeine/caffeine/3.2.0/caffeine-3.2.0.jar:/home/jude/.m2/repository/org/jspecify/jspecify/1.0.0/jspecify-1.0.0.jar:/home/jude/.m2/repository/com/google/errorprone/error_prone_annotations/2.36.0/error_prone_annotations-2.36.0.jar:/home/jude/.m2/repository/org/apache/kafka/kafka-group-coordinator/3.9.1/kafka-group-coordinator-3.9.1.jar:/home/jude/.m2/repository/org/apache/kafka/kafka-transaction-coordinator/3.9.1/kafka-transaction-coordinator-3.9.1.jar:/home/jude/.m2/repository/org/apache/kafka/kafka-raft/3.9.1/kafka-raft-3.9.1.jar:/home/jude/.m2/repository/com/yammer/metrics/metrics-core/2.2.0/metrics-core-2.2.0.jar:/home/jude/.m2/repository/org/apache/kafka/kafka-metadata/3.9.1/kafka-metadata-3.9.1.jar:/home/jude/.m2/repository/org/apache/kafka/kafka-server-common/3.9.1/kafka-server-common-3.9.1.jar:/home/jude/.m2/repository/net/sf/jopt-simple/jopt-simple/5.0.4/jopt-simple-5.0.4.jar:/home/jude/.m2/repository/org/pcollections/pcollections/4.0.1/pcollections-4.0.1.jar:/home/jude/.m2/repository/org/apache/kafka/kafka-server-common/3.9.1/kafka-server-common-3.9.1-test.jar:/home/jude/.m2/repository/org/apache/kafka/kafka-streams-test-utils/3.9.1/kafka-streams-test-utils-3.9.1.jar:/home/jude/.m2/repository/org/apache/kafka/kafka-streams/3.9.1/kafka-streams-3.9.1.jar:/home/jude/.m2/repository/org/rocksdb/rocksdbjni/7.9.2/rocksdbjni-7.9.2.jar:/home/jude/.m2/repository/org/apache/kafka/kafka_2.13/3.9.1/kafka_2.13-3.9.1.jar:/home/jude/.m2/repository/org/scala-lang/scala-library/2.13.15/scala-library-2.13.15.jar:/home/jude/.m2/repository/org/apache/kafka/kafka-group-coordinator-api/3.9.1/kafka-group-coordinator-api-3.9.1.jar:/home/jude/.m2/repository/org/apache/kafka/kafka-storage-api/3.9.1/kafka-storage-api-3.9.1.jar:/home/jude/.m2/repository/org/apache/kafka/kafka-tools-api/3.9.1/kafka-tools-api-3.9.1.jar:/home/jude/.m2/repository/net/sourceforge/argparse4j/argparse4j/0.7.0/argparse4j-0.7.0.jar:/home/jude/.m2/repository/commons-validator/commons-validator/1.7/commons-validator-1.7.jar:/home/jude/.m2/repository/commons-beanutils/commons-beanutils/1.9.4/commons-beanutils-1.9.4.jar:/home/jude/.m2/repository/commons-digester/commons-digester/2.1/commons-digester-2.1.jar:/home/jude/.m2/repository/commons-collections/commons-collections/3.2.2/commons-collections-3.2.2.jar:/home/jude/.m2/repository/com/fasterxml/jackson/module/jackson-module-scala_2.13/2.19.0/jackson-module-scala_2.13-2.19.0.jar:/home/jude/.m2/repository/com/thoughtworks/paranamer/paranamer/2.8.3/paranamer-2.8.3.jar:/home/jude/.m2/repository/com/fasterxml/jackson/dataformat/jackson-dataformat-csv/2.19.0/jackson-dataformat-csv-2.19.0.jar:/home/jude/.m2/repository/org/bitbucket/b_c/jose4j/0.9.4/jose4j-0.9.4.jar:/home/jude/.m2/repository/org/scala-lang/modules/scala-collection-compat_2.13/2.10.0/scala-collection-compat_2.13-2.10.0.jar:/home/jude/.m2/repository/org/scala-lang/modules/scala-java8-compat_2.13/1.0.2/scala-java8-compat_2.13-1.0.2.jar:/home/jude/.m2/repository/org/scala-lang/scala-reflect/2.13.15/scala-reflect-2.13.15.jar:/home/jude/.m2/repository/com/typesafe/scala-logging/scala-logging_2.13/3.9.5/scala-logging_2.13-3.9.5.jar:/home/jude/.m2/repository/io/dropwizard/metrics/metrics-core/4.1.12.1/metrics-core-4.1.12.1.jar:/home/jude/.m2/repository/commons-cli/commons-cli/1.4/commons-cli-1.4.jar:/home/jude/.m2/repository/org/apache/kafka/kafka_2.13/3.9.1/kafka_2.13-3.9.1-test.jar:/home/jude/.m2/repository/org/junit/jupiter/junit-jupiter-api/5.12.2/junit-jupiter-api-5.12.2.jar:/home/jude/.m2/repository/org/opentest4j/opentest4j/1.3.0/opentest4j-1.3.0.jar:/home/jude/.m2/repository/org/junit/platform/junit-platform-commons/1.12.2/junit-platform-commons-1.12.2.jar:/home/jude/.m2/repository/org/apiguardian/apiguardian-api/1.1.2/apiguardian-api-1.1.2.jar:/home/jude/.m2/repository/org/junit/platform/junit-platform-launcher/1.12.2/junit-platform-launcher-1.12.2.jar:/home/jude/.m2/repository/org/junit/platform/junit-platform-engine/1.12.2/junit-platform-engine-1.12.2.jar:/home/jude/.m2/repository/org/springframework/boot/spring-boot-starter-validation/3.5.0/spring-boot-starter-validation-3.5.0.jar:/home/jude/.m2/repository/org/apache/tomcat/embed/tomcat-embed-el/10.1.41/tomcat-embed-el-10.1.41.jar:/home/jude/.m2/repository/org/hibernate/validator/hibernate-validator/8.0.2.Final/hibernate-validator-8.0.2.Final.jar:/home/jude/.m2/repository/jakarta/validation/jakarta.validation-api/3.0.2/jakarta.validation-api-3.0.2.jar:/home/jude/.m2/repository/org/jboss/logging/jboss-logging/3.6.1.Final/jboss-logging-3.6.1.Final.jar:/home/jude/.m2/repository/com/fasterxml/classmate/1.7.0/classmate-1.7.0.jar:"/>
    <property name="java.vm.vendor" value="Ubuntu"/>
    <property name="sun.arch.data.model" value="64"/>
    <property name="java.vendor.url" value="https://ubuntu.com/"/>
    <property name="user.timezone" value="Africa/Douala"/>
    <property name="org.jboss.logging.provider" value="slf4j"/>
    <property name="os.name" value="Linux"/>
    <property name="java.vm.specification.version" value="17"/>
    <property name="APPLICATION_NAME" value="service-ingestion"/>
    <property name="sun.java.launcher" value="SUN_STANDARD"/>
    <property name="user.country" value="FR"/>
    <property name="sun.boot.library.path" value="/usr/lib/jvm/java-17-openjdk-amd64/lib"/>
    <property name="sun.java.command" value="/home/jude/Documents/Bug tracker/bugtracker-system/service-ingestion/target/surefire/surefirebooter-20250626125502152_3.jar /home/jude/Documents/Bug tracker/bugtracker-system/service-ingestion/target/surefire 2025-06-26T12-54-52_406-jvmRun1 surefire-20250626125502152_1tmp surefire_0-20250626125502152_2tmp"/>
    <property name="jdk.debug" value="release"/>
    <property name="surefire.test.class.path" value="/home/jude/Documents/Bug tracker/bugtracker-system/service-ingestion/target/test-classes:/home/jude/Documents/Bug tracker/bugtracker-system/service-ingestion/target/classes:/home/jude/.m2/repository/org/springframework/boot/spring-boot-starter-web/3.5.0/spring-boot-starter-web-3.5.0.jar:/home/jude/.m2/repository/org/springframework/boot/spring-boot-starter/3.5.0/spring-boot-starter-3.5.0.jar:/home/jude/.m2/repository/org/springframework/boot/spring-boot-starter-logging/3.5.0/spring-boot-starter-logging-3.5.0.jar:/home/jude/.m2/repository/org/apache/logging/log4j/log4j-to-slf4j/2.24.3/log4j-to-slf4j-2.24.3.jar:/home/jude/.m2/repository/org/apache/logging/log4j/log4j-api/2.24.3/log4j-api-2.24.3.jar:/home/jude/.m2/repository/org/slf4j/jul-to-slf4j/2.0.17/jul-to-slf4j-2.0.17.jar:/home/jude/.m2/repository/jakarta/annotation/jakarta.annotation-api/2.1.1/jakarta.annotation-api-2.1.1.jar:/home/jude/.m2/repository/org/yaml/snakeyaml/2.4/snakeyaml-2.4.jar:/home/jude/.m2/repository/org/springframework/boot/spring-boot-starter-json/3.5.0/spring-boot-starter-json-3.5.0.jar:/home/jude/.m2/repository/com/fasterxml/jackson/core/jackson-databind/2.19.0/jackson-databind-2.19.0.jar:/home/jude/.m2/repository/com/fasterxml/jackson/core/jackson-annotations/2.19.0/jackson-annotations-2.19.0.jar:/home/jude/.m2/repository/com/fasterxml/jackson/core/jackson-core/2.19.0/jackson-core-2.19.0.jar:/home/jude/.m2/repository/com/fasterxml/jackson/datatype/jackson-datatype-jdk8/2.19.0/jackson-datatype-jdk8-2.19.0.jar:/home/jude/.m2/repository/com/fasterxml/jackson/datatype/jackson-datatype-jsr310/2.19.0/jackson-datatype-jsr310-2.19.0.jar:/home/jude/.m2/repository/com/fasterxml/jackson/module/jackson-module-parameter-names/2.19.0/jackson-module-parameter-names-2.19.0.jar:/home/jude/.m2/repository/org/springframework/boot/spring-boot-starter-tomcat/3.5.0/spring-boot-starter-tomcat-3.5.0.jar:/home/jude/.m2/repository/org/apache/tomcat/embed/tomcat-embed-core/10.1.41/tomcat-embed-core-10.1.41.jar:/home/jude/.m2/repository/org/apache/tomcat/embed/tomcat-embed-websocket/10.1.41/tomcat-embed-websocket-10.1.41.jar:/home/jude/.m2/repository/org/springframework/spring-web/6.2.7/spring-web-6.2.7.jar:/home/jude/.m2/repository/org/springframework/spring-beans/6.2.7/spring-beans-6.2.7.jar:/home/jude/.m2/repository/org/springframework/spring-webmvc/6.2.7/spring-webmvc-6.2.7.jar:/home/jude/.m2/repository/org/springframework/spring-aop/6.2.7/spring-aop-6.2.7.jar:/home/jude/.m2/repository/org/springframework/spring-expression/6.2.7/spring-expression-6.2.7.jar:/home/jude/.m2/repository/org/springframework/kafka/spring-kafka/3.3.6/spring-kafka-3.3.6.jar:/home/jude/.m2/repository/org/springframework/spring-context/6.2.7/spring-context-6.2.7.jar:/home/jude/.m2/repository/org/springframework/spring-messaging/6.2.7/spring-messaging-6.2.7.jar:/home/jude/.m2/repository/org/springframework/spring-tx/6.2.7/spring-tx-6.2.7.jar:/home/jude/.m2/repository/org/springframework/retry/spring-retry/2.0.12/spring-retry-2.0.12.jar:/home/jude/.m2/repository/org/apache/kafka/kafka-clients/3.9.1/kafka-clients-3.9.1.jar:/home/jude/.m2/repository/com/github/luben/zstd-jni/1.5.6-4/zstd-jni-1.5.6-4.jar:/home/jude/.m2/repository/org/lz4/lz4-java/1.8.0/lz4-java-1.8.0.jar:/home/jude/.m2/repository/org/xerial/snappy/snappy-java/1.1.10.5/snappy-java-1.1.10.5.jar:/home/jude/.m2/repository/org/slf4j/slf4j-api/2.0.17/slf4j-api-2.0.17.jar:/home/jude/.m2/repository/io/micrometer/micrometer-observation/1.15.0/micrometer-observation-1.15.0.jar:/home/jude/.m2/repository/io/micrometer/micrometer-commons/1.15.0/micrometer-commons-1.15.0.jar:/home/jude/.m2/repository/org/springframework/boot/spring-boot-devtools/3.5.0/spring-boot-devtools-3.5.0.jar:/home/jude/.m2/repository/org/springframework/boot/spring-boot/3.5.0/spring-boot-3.5.0.jar:/home/jude/.m2/repository/org/springframework/boot/spring-boot-autoconfigure/3.5.0/spring-boot-autoconfigure-3.5.0.jar:/home/jude/.m2/repository/com/h2database/h2/2.3.232/h2-2.3.232.jar:/home/jude/.m2/repository/org/projectlombok/lombok/1.18.38/lombok-1.18.38.jar:/home/jude/.m2/repository/org/springframework/boot/spring-boot-starter-test/3.5.0/spring-boot-starter-test-3.5.0.jar:/home/jude/.m2/repository/org/springframework/boot/spring-boot-test/3.5.0/spring-boot-test-3.5.0.jar:/home/jude/.m2/repository/org/springframework/boot/spring-boot-test-autoconfigure/3.5.0/spring-boot-test-autoconfigure-3.5.0.jar:/home/jude/.m2/repository/com/jayway/jsonpath/json-path/2.9.0/json-path-2.9.0.jar:/home/jude/.m2/repository/jakarta/xml/bind/jakarta.xml.bind-api/4.0.2/jakarta.xml.bind-api-4.0.2.jar:/home/jude/.m2/repository/jakarta/activation/jakarta.activation-api/2.1.3/jakarta.activation-api-2.1.3.jar:/home/jude/.m2/repository/net/minidev/json-smart/2.5.2/json-smart-2.5.2.jar:/home/jude/.m2/repository/net/minidev/accessors-smart/2.5.2/accessors-smart-2.5.2.jar:/home/jude/.m2/repository/org/ow2/asm/asm/9.7.1/asm-9.7.1.jar:/home/jude/.m2/repository/org/assertj/assertj-core/3.27.3/assertj-core-3.27.3.jar:/home/jude/.m2/repository/net/bytebuddy/byte-buddy/1.17.5/byte-buddy-1.17.5.jar:/home/jude/.m2/repository/org/awaitility/awaitility/4.3.0/awaitility-4.3.0.jar:/home/jude/.m2/repository/org/hamcrest/hamcrest/3.0/hamcrest-3.0.jar:/home/jude/.m2/repository/org/junit/jupiter/junit-jupiter/5.12.2/junit-jupiter-5.12.2.jar:/home/jude/.m2/repository/org/junit/jupiter/junit-jupiter-params/5.12.2/junit-jupiter-params-5.12.2.jar:/home/jude/.m2/repository/org/junit/jupiter/junit-jupiter-engine/5.12.2/junit-jupiter-engine-5.12.2.jar:/home/jude/.m2/repository/org/mockito/mockito-core/5.17.0/mockito-core-5.17.0.jar:/home/jude/.m2/repository/net/bytebuddy/byte-buddy-agent/1.17.5/byte-buddy-agent-1.17.5.jar:/home/jude/.m2/repository/org/objenesis/objenesis/3.3/objenesis-3.3.jar:/home/jude/.m2/repository/org/mockito/mockito-junit-jupiter/5.17.0/mockito-junit-jupiter-5.17.0.jar:/home/jude/.m2/repository/org/skyscreamer/jsonassert/1.5.3/jsonassert-1.5.3.jar:/home/jude/.m2/repository/com/vaadin/external/google/android-json/0.0.20131108.vaadin1/android-json-0.0.20131108.vaadin1.jar:/home/jude/.m2/repository/org/springframework/spring-core/6.2.7/spring-core-6.2.7.jar:/home/jude/.m2/repository/org/springframework/spring-jcl/6.2.7/spring-jcl-6.2.7.jar:/home/jude/.m2/repository/org/springframework/spring-test/6.2.7/spring-test-6.2.7.jar:/home/jude/.m2/repository/org/xmlunit/xmlunit-core/2.10.1/xmlunit-core-2.10.1.jar:/home/jude/.m2/repository/org/springframework/kafka/spring-kafka-test/3.3.6/spring-kafka-test-3.3.6.jar:/home/jude/.m2/repository/org/apache/zookeeper/zookeeper/3.8.4/zookeeper-3.8.4.jar:/home/jude/.m2/repository/org/apache/zookeeper/zookeeper-jute/3.8.4/zookeeper-jute-3.8.4.jar:/home/jude/.m2/repository/org/apache/yetus/audience-annotations/0.12.0/audience-annotations-0.12.0.jar:/home/jude/.m2/repository/io/netty/netty-handler/4.1.121.Final/netty-handler-4.1.121.Final.jar:/home/jude/.m2/repository/io/netty/netty-common/4.1.121.Final/netty-common-4.1.121.Final.jar:/home/jude/.m2/repository/io/netty/netty-resolver/4.1.121.Final/netty-resolver-4.1.121.Final.jar:/home/jude/.m2/repository/io/netty/netty-buffer/4.1.121.Final/netty-buffer-4.1.121.Final.jar:/home/jude/.m2/repository/io/netty/netty-transport/4.1.121.Final/netty-transport-4.1.121.Final.jar:/home/jude/.m2/repository/io/netty/netty-transport-native-unix-common/4.1.121.Final/netty-transport-native-unix-common-4.1.121.Final.jar:/home/jude/.m2/repository/io/netty/netty-codec/4.1.121.Final/netty-codec-4.1.121.Final.jar:/home/jude/.m2/repository/io/netty/netty-transport-native-epoll/4.1.121.Final/netty-transport-native-epoll-4.1.121.Final.jar:/home/jude/.m2/repository/io/netty/netty-transport-classes-epoll/4.1.121.Final/netty-transport-classes-epoll-4.1.121.Final.jar:/home/jude/.m2/repository/ch/qos/logback/logback-core/1.5.18/logback-core-1.5.18.jar:/home/jude/.m2/repository/ch/qos/logback/logback-classic/1.5.18/logback-classic-1.5.18.jar:/home/jude/.m2/repository/commons-io/commons-io/2.11.0/commons-io-2.11.0.jar:/home/jude/.m2/repository/org/apache/kafka/kafka-clients/3.9.1/kafka-clients-3.9.1-test.jar:/home/jude/.m2/repository/org/apache/kafka/kafka-server/3.9.1/kafka-server-3.9.1.jar:/home/jude/.m2/repository/org/apache/kafka/kafka-storage/3.9.1/kafka-storage-3.9.1.jar:/home/jude/.m2/repository/com/github/ben-manes/caffeine/caffeine/3.2.0/caffeine-3.2.0.jar:/home/jude/.m2/repository/org/jspecify/jspecify/1.0.0/jspecify-1.0.0.jar:/home/jude/.m2/repository/com/google/errorprone/error_prone_annotations/2.36.0/error_prone_annotations-2.36.0.jar:/home/jude/.m2/repository/org/apache/kafka/kafka-group-coordinator/3.9.1/kafka-group-coordinator-3.9.1.jar:/home/jude/.m2/repository/org/apache/kafka/kafka-transaction-coordinator/3.9.1/kafka-transaction-coordinator-3.9.1.jar:/home/jude/.m2/repository/org/apache/kafka/kafka-raft/3.9.1/kafka-raft-3.9.1.jar:/home/jude/.m2/repository/com/yammer/metrics/metrics-core/2.2.0/metrics-core-2.2.0.jar:/home/jude/.m2/repository/org/apache/kafka/kafka-metadata/3.9.1/kafka-metadata-3.9.1.jar:/home/jude/.m2/repository/org/apache/kafka/kafka-server-common/3.9.1/kafka-server-common-3.9.1.jar:/home/jude/.m2/repository/net/sf/jopt-simple/jopt-simple/5.0.4/jopt-simple-5.0.4.jar:/home/jude/.m2/repository/org/pcollections/pcollections/4.0.1/pcollections-4.0.1.jar:/home/jude/.m2/repository/org/apache/kafka/kafka-server-common/3.9.1/kafka-server-common-3.9.1-test.jar:/home/jude/.m2/repository/org/apache/kafka/kafka-streams-test-utils/3.9.1/kafka-streams-test-utils-3.9.1.jar:/home/jude/.m2/repository/org/apache/kafka/kafka-streams/3.9.1/kafka-streams-3.9.1.jar:/home/jude/.m2/repository/org/rocksdb/rocksdbjni/7.9.2/rocksdbjni-7.9.2.jar:/home/jude/.m2/repository/org/apache/kafka/kafka_2.13/3.9.1/kafka_2.13-3.9.1.jar:/home/jude/.m2/repository/org/scala-lang/scala-library/2.13.15/scala-library-2.13.15.jar:/home/jude/.m2/repository/org/apache/kafka/kafka-group-coordinator-api/3.9.1/kafka-group-coordinator-api-3.9.1.jar:/home/jude/.m2/repository/org/apache/kafka/kafka-storage-api/3.9.1/kafka-storage-api-3.9.1.jar:/home/jude/.m2/repository/org/apache/kafka/kafka-tools-api/3.9.1/kafka-tools-api-3.9.1.jar:/home/jude/.m2/repository/net/sourceforge/argparse4j/argparse4j/0.7.0/argparse4j-0.7.0.jar:/home/jude/.m2/repository/commons-validator/commons-validator/1.7/commons-validator-1.7.jar:/home/jude/.m2/repository/commons-beanutils/commons-beanutils/1.9.4/commons-beanutils-1.9.4.jar:/home/jude/.m2/repository/commons-digester/commons-digester/2.1/commons-digester-2.1.jar:/home/jude/.m2/repository/commons-collections/commons-collections/3.2.2/commons-collections-3.2.2.jar:/home/jude/.m2/repository/com/fasterxml/jackson/module/jackson-module-scala_2.13/2.19.0/jackson-module-scala_2.13-2.19.0.jar:/home/jude/.m2/repository/com/thoughtworks/paranamer/paranamer/2.8.3/paranamer-2.8.3.jar:/home/jude/.m2/repository/com/fasterxml/jackson/dataformat/jackson-dataformat-csv/2.19.0/jackson-dataformat-csv-2.19.0.jar:/home/jude/.m2/repository/org/bitbucket/b_c/jose4j/0.9.4/jose4j-0.9.4.jar:/home/jude/.m2/repository/org/scala-lang/modules/scala-collection-compat_2.13/2.10.0/scala-collection-compat_2.13-2.10.0.jar:/home/jude/.m2/repository/org/scala-lang/modules/scala-java8-compat_2.13/1.0.2/scala-java8-compat_2.13-1.0.2.jar:/home/jude/.m2/repository/org/scala-lang/scala-reflect/2.13.15/scala-reflect-2.13.15.jar:/home/jude/.m2/repository/com/typesafe/scala-logging/scala-logging_2.13/3.9.5/scala-logging_2.13-3.9.5.jar:/home/jude/.m2/repository/io/dropwizard/metrics/metrics-core/4.1.12.1/metrics-core-4.1.12.1.jar:/home/jude/.m2/repository/commons-cli/commons-cli/1.4/commons-cli-1.4.jar:/home/jude/.m2/repository/org/apache/kafka/kafka_2.13/3.9.1/kafka_2.13-3.9.1-test.jar:/home/jude/.m2/repository/org/junit/jupiter/junit-jupiter-api/5.12.2/junit-jupiter-api-5.12.2.jar:/home/jude/.m2/repository/org/opentest4j/opentest4j/1.3.0/opentest4j-1.3.0.jar:/home/jude/.m2/repository/org/junit/platform/junit-platform-commons/1.12.2/junit-platform-commons-1.12.2.jar:/home/jude/.m2/repository/org/apiguardian/apiguardian-api/1.1.2/apiguardian-api-1.1.2.jar:/home/jude/.m2/repository/org/junit/platform/junit-platform-launcher/1.12.2/junit-platform-launcher-1.12.2.jar:/home/jude/.m2/repository/org/junit/platform/junit-platform-engine/1.12.2/junit-platform-engine-1.12.2.jar:/home/jude/.m2/repository/org/springframework/boot/spring-boot-starter-validation/3.5.0/spring-boot-starter-validation-3.5.0.jar:/home/jude/.m2/repository/org/apache/tomcat/embed/tomcat-embed-el/10.1.41/tomcat-embed-el-10.1.41.jar:/home/jude/.m2/repository/org/hibernate/validator/hibernate-validator/8.0.2.Final/hibernate-validator-8.0.2.Final.jar:/home/jude/.m2/repository/jakarta/validation/jakarta.validation-api/3.0.2/jakarta.validation-api-3.0.2.jar:/home/jude/.m2/repository/org/jboss/logging/jboss-logging/3.6.1.Final/jboss-logging-3.6.1.Final.jar:/home/jude/.m2/repository/com/fasterxml/classmate/1.7.0/classmate-1.7.0.jar:"/>
    <property name="sun.cpu.endian" value="little"/>
    <property name="user.home" value="/home/jude"/>
    <property name="user.language" value="fr"/>
    <property name="java.specification.vendor" value="Oracle Corporation"/>
    <property name="java.version.date" value="2025-04-15"/>
    <property name="java.home" value="/usr/lib/jvm/java-17-openjdk-amd64"/>
    <property name="file.separator" value="/"/>
    <property name="basedir" value="/home/jude/Documents/Bug tracker/bugtracker-system/service-ingestion"/>
    <property name="java.vm.compressedOopsMode" value="32-bit"/>
    <property name="line.separator" value="&#10;"/>
    <property name="java.specification.name" value="Java Platform API Specification"/>
    <property name="java.vm.specification.vendor" value="Oracle Corporation"/>
    <property name="FILE_LOG_CHARSET" value="UTF-8"/>
    <property name="java.awt.headless" value="true"/>
    <property name="surefire.real.class.path" value="/home/jude/Documents/Bug tracker/bugtracker-system/service-ingestion/target/surefire/surefirebooter-20250626125502152_3.jar"/>
    <property name="sun.management.compiler" value="HotSpot 64-Bit Tiered Compilers"/>
    <property name="java.runtime.version" value="17.0.15+6-Ubuntu-0ubuntu122.04"/>
    <property name="user.name" value="jude"/>
    <property name="path.separator" value=":"/>
    <property name="os.version" value="6.8.0-60-generic"/>
    <property name="java.runtime.name" value="OpenJDK Runtime Environment"/>
    <property name="file.encoding" value="UTF-8"/>
    <property name="java.vm.name" value="OpenJDK 64-Bit Server VM"/>
    <property name="localRepository" value="/home/jude/.m2/repository"/>
    <property name="java.vendor.url.bug" value="https://bugs.launchpad.net/ubuntu/+source/openjdk-17"/>
    <property name="java.io.tmpdir" value="/tmp"/>
    <property name="java.version" value="17.0.15"/>
    <property name="user.dir" value="/home/jude/Documents/Bug tracker/bugtracker-system/service-ingestion"/>
    <property name="os.arch" value="amd64"/>
    <property name="java.vm.specification.name" value="Java Virtual Machine Specification"/>
    <property name="PID" value="214097"/>
    <property name="CONSOLE_LOG_CHARSET" value="UTF-8"/>
    <property name="native.encoding" value="UTF-8"/>
    <property name="java.library.path" value="/usr/java/packages/lib:/usr/lib/x86_64-linux-gnu/jni:/lib/x86_64-linux-gnu:/usr/lib/x86_64-linux-gnu:/usr/lib/jni:/lib:/usr/lib"/>
    <property name="java.vm.info" value="mixed mode, sharing"/>
    <property name="java.vendor" value="Ubuntu"/>
    <property name="java.vm.version" value="17.0.15+6-Ubuntu-0ubuntu122.04"/>
    <property name="java.specification.maintenance.version" value="1"/>
    <property name="sun.io.unicode.encoding" value="UnicodeLittle"/>
    <property name="java.class.version" value="61.0"/>
    <property name="LOGGED_APPLICATION_NAME" value="[service-ingestion] "/>
  </properties>
  <testcase name="contextLoads" classname="com.bugtracker.service_ingestion.ServiceIngestionApplicationTests" time="0.582">
    <system-out><![CDATA[12:55:02.919 [main] INFO org.springframework.test.context.support.AnnotationConfigContextLoaderUtils -- Could not detect default configuration classes for test class [com.bugtracker.service_ingestion.ServiceIngestionApplicationTests]: ServiceIngestionApplicationTests does not declare any static, non-private, non-final, nested classes annotated with @Configuration.
12:55:03.022 [main] INFO org.springframework.boot.test.context.SpringBootTestContextBootstrapper -- Found @SpringBootConfiguration com.bugtracker.service_ingestion.ServiceIngestionApplication for test class com.bugtracker.service_ingestion.ServiceIngestionApplicationTests
12:55:03.159 [main] INFO org.springframework.boot.devtools.restart.RestartApplicationListener -- Restart disabled due to context in which it is running

  .   ____          _            __ _ _
 /\\ / ___'_ __ _ _(_)_ __  __ _ \ \ \ \
( ( )\___ | '_ | '_| | '_ \/ _` | \ \ \ \
 \\/  ___)| |_)| | | | | || (_| |  ) ) ) )
  '  |____| .__|_| |_|_| |_\__, | / / / /
 =========|_|==============|___/=/_/_/_/

 :: Spring Boot ::                (v3.5.0)

2025-06-26T12:55:03.381+01:00  INFO 214097 --- [service-ingestion] [           main] c.b.s.ServiceIngestionApplicationTests   : Starting ServiceIngestionApplicationTests using Java 17.0.15 with PID 214097 (started by jude in /home/jude/Documents/Bug tracker/bugtracker-system/service-ingestion)
2025-06-26T12:55:03.384+01:00  INFO 214097 --- [service-ingestion] [           main] c.b.s.ServiceIngestionApplicationTests   : No active profile set, falling back to 1 default profile: "default"
2025-06-26T12:55:03.422+01:00 DEBUG 214097 --- [service-ingestion] [           main] o.s.b.f.s.DefaultListableBeanFactory     : Creating shared instance of singleton bean 'org.springframework.context.annotation.internalConfigurationAnnotationProcessor'
2025-06-26T12:55:03.433+01:00 DEBUG 214097 --- [service-ingestion] [           main] o.s.b.f.s.DefaultListableBeanFactory     : Creating shared instance of singleton bean 'org.springframework.boot.autoconfigure.internalCachingMetadataReaderFactory'
2025-06-26T12:55:03.905+01:00 DEBUG 214097 --- [service-ingestion] [           main] o.s.b.f.s.DefaultListableBeanFactory     : Creating shared instance of singleton bean 'propertySourcesPlaceholderConfigurer'
2025-06-26T12:55:03.910+01:00 DEBUG 214097 --- [service-ingestion] [           main] o.s.b.f.s.DefaultListableBeanFactory     : Creating shared instance of singleton bean 'org.springframework.boot.test.mock.mockito.MockitoPostProcessor'
2025-06-26T12:55:03.913+01:00 DEBUG 214097 --- [service-ingestion] [           main] o.s.b.f.s.DefaultListableBeanFactory     : Creating shared instance of singleton bean 'org.springframework.boot.sql.init.dependency.DatabaseInitializationDependencyConfigurer$DependsOnDatabaseInitializationPostProcessor'
2025-06-26T12:55:03.928+01:00 DEBUG 214097 --- [service-ingestion] [           main] o.s.b.f.s.DefaultListableBeanFactory     : Creating shared instance of singleton bean 'org.springframework.context.event.internalEventListenerProcessor'
2025-06-26T12:55:03.929+01:00 DEBUG 214097 --- [service-ingestion] [           main] o.s.b.f.s.DefaultListableBeanFactory     : Creating shared instance of singleton bean 'bootstrapExecutorAliasPostProcessor'
2025-06-26T12:55:03.930+01:00 DEBUG 214097 --- [service-ingestion] [           main] o.s.b.f.s.DefaultListableBeanFactory     : Creating shared instance of singleton bean 'preserveErrorControllerTargetClassPostProcessor'
2025-06-26T12:55:03.930+01:00 DEBUG 214097 --- [service-ingestion] [           main] o.s.b.f.s.DefaultListableBeanFactory     : Creating shared instance of singleton bean 'forceAutoProxyCreatorToUseClassProxying'
2025-06-26T12:55:03.931+01:00 DEBUG 214097 --- [service-ingestion] [           main] o.s.b.f.s.DefaultListableBeanFactory     : Creating shared instance of singleton bean 'org.springframework.context.event.internalEventListenerFactory'
2025-06-26T12:55:03.934+01:00 DEBUG 214097 --- [service-ingestion] [           main] o.s.b.f.s.DefaultListableBeanFactory     : Creating shared instance of singleton bean 'org.springframework.boot.test.mock.mockito.MockitoPostProcessor$SpyPostProcessor'
2025-06-26T12:55:03.935+01:00 DEBUG 214097 --- [service-ingestion] [           main] o.s.b.f.s.DefaultListableBeanFactory     : Creating shared instance of singleton bean 'org.springframework.context.annotation.internalAutowiredAnnotationProcessor'
2025-06-26T12:55:03.936+01:00 DEBUG 214097 --- [service-ingestion] [           main] o.s.b.f.s.DefaultListableBeanFactory     : Creating shared instance of singleton bean 'org.springframework.context.annotation.internalCommonAnnotationProcessor'
2025-06-26T12:55:03.939+01:00 DEBUG 214097 --- [service-ingestion] [           main] o.s.b.f.s.DefaultListableBeanFactory     : Creating shared instance of singleton bean 'org.springframework.boot.context.properties.ConfigurationPropertiesBindingPostProcessor'
2025-06-26T12:55:03.939+01:00 DEBUG 214097 --- [service-ingestion] [           main] o.s.b.f.s.DefaultListableBeanFactory     : Creating shared instance of singleton bean 'org.springframework.boot.context.internalConfigurationPropertiesBinder'
2025-06-26T12:55:03.941+01:00 DEBUG 214097 --- [service-ingestion] [           main] o.s.b.f.s.DefaultListableBeanFactory     : Creating shared instance of singleton bean 'methodValidationPostProcessor'
2025-06-26T12:55:03.943+01:00 DEBUG 214097 --- [service-ingestion] [           main] o.s.b.f.s.DefaultListableBeanFactory     : Autowiring by type from bean name 'methodValidationPostProcessor' via factory method to bean named 'environment'
2025-06-26T12:55:03.945+01:00 DEBUG 214097 --- [service-ingestion] [           main] o.s.b.f.s.DefaultListableBeanFactory     : Creating shared instance of singleton bean 'org.springframework.boot.context.properties.EnableConfigurationPropertiesRegistrar.methodValidationExcludeFilter'
2025-06-26T12:55:03.960+01:00 DEBUG 214097 --- [service-ingestion] [           main] o.s.b.f.s.DefaultListableBeanFactory     : Creating shared instance of singleton bean 'persistenceExceptionTranslationPostProcessor'
2025-06-26T12:55:03.961+01:00 DEBUG 214097 --- [service-ingestion] [           main] o.s.b.f.s.DefaultListableBeanFactory     : Autowiring by type from bean name 'persistenceExceptionTranslationPostProcessor' via factory method to bean named 'environment'
2025-06-26T12:55:03.962+01:00 DEBUG 214097 --- [service-ingestion] [           main] o.s.b.f.s.DefaultListableBeanFactory     : Creating shared instance of singleton bean 'org.springframework.kafka.config.internalKafkaListenerAnnotationProcessor'
2025-06-26T12:55:03.973+01:00 DEBUG 214097 --- [service-ingestion] [           main] o.s.b.f.s.DefaultListableBeanFactory     : Creating shared instance of singleton bean 'org.springframework.aop.config.internalAutoProxyCreator'
2025-06-26T12:55:03.979+01:00 DEBUG 214097 --- [service-ingestion] [           main] o.s.b.f.s.DefaultListableBeanFactory     : Creating shared instance of singleton bean 'webServerFactoryCustomizerBeanPostProcessor'
2025-06-26T12:55:03.980+01:00 DEBUG 214097 --- [service-ingestion] [           main] o.s.b.f.s.DefaultListableBeanFactory     : Creating shared instance of singleton bean 'errorPageRegistrarBeanPostProcessor'
2025-06-26T12:55:03.983+01:00 DEBUG 214097 --- [service-ingestion] [           main] o.s.b.f.s.DefaultListableBeanFactory     : Creating shared instance of singleton bean 'applicationTaskExecutor'
2025-06-26T12:55:03.983+01:00 DEBUG 214097 --- [service-ingestion] [           main] o.s.b.f.s.DefaultListableBeanFactory     : Creating shared instance of singleton bean 'org.springframework.boot.autoconfigure.task.TaskExecutorConfigurations$TaskExecutorConfiguration'
2025-06-26T12:55:03.987+01:00 DEBUG 214097 --- [service-ingestion] [           main] o.s.b.f.s.DefaultListableBeanFactory     : Creating shared instance of singleton bean 'threadPoolTaskExecutorBuilder'
2025-06-26T12:55:03.987+01:00 DEBUG 214097 --- [service-ingestion] [           main] o.s.b.f.s.DefaultListableBeanFactory     : Creating shared instance of singleton bean 'org.springframework.boot.autoconfigure.task.TaskExecutorConfigurations$ThreadPoolTaskExecutorBuilderConfiguration'
2025-06-26T12:55:03.989+01:00 DEBUG 214097 --- [service-ingestion] [           main] o.s.b.f.s.DefaultListableBeanFactory     : Creating shared instance of singleton bean 'spring.task.execution-org.springframework.boot.autoconfigure.task.TaskExecutionProperties'
2025-06-26T12:55:03.990+01:00 DEBUG 214097 --- [service-ingestion] [           main] o.s.b.f.s.DefaultListableBeanFactory     : Creating shared instance of singleton bean 'org.springframework.boot.context.properties.BoundConfigurationProperties'
2025-06-26T12:55:03.998+01:00 DEBUG 214097 --- [service-ingestion] [           main] o.s.b.f.s.DefaultListableBeanFactory     : Autowiring by type from bean name 'threadPoolTaskExecutorBuilder' via factory method to bean named 'spring.task.execution-org.springframework.boot.autoconfigure.task.TaskExecutionProperties'
2025-06-26T12:55:04.001+01:00 DEBUG 214097 --- [service-ingestion] [           main] o.s.b.f.s.DefaultListableBeanFactory     : Autowiring by type from bean name 'applicationTaskExecutor' via factory method to bean named 'threadPoolTaskExecutorBuilder'
2025-06-26T12:55:04.012+01:00 DEBUG 214097 --- [service-ingestion] [           main] o.s.b.f.s.DefaultListableBeanFactory     : Creating shared instance of singleton bean 'org.springframework.test.context.support.internalDynamicPropertyRegistrarBeanInitializer'
2025-06-26T12:55:04.014+01:00 DEBUG 214097 --- [service-ingestion] [           main] o.s.b.f.s.DefaultListableBeanFactory     : Creating shared instance of singleton bean 'serviceIngestionApplication'
2025-06-26T12:55:04.015+01:00 DEBUG 214097 --- [service-ingestion] [           main] o.s.b.f.s.DefaultListableBeanFactory     : Creating shared instance of singleton bean 'kafkaProducerConfig'
2025-06-26T12:55:04.019+01:00 DEBUG 214097 --- [service-ingestion] [           main] o.s.b.f.s.DefaultListableBeanFactory     : Creating shared instance of singleton bean 'errorIngestionController'
2025-06-26T12:55:04.023+01:00 DEBUG 214097 --- [service-ingestion] [           main] o.s.b.f.s.DefaultListableBeanFactory     : Creating shared instance of singleton bean 'errorPublishService'
2025-06-26T12:55:04.023+01:00 DEBUG 214097 --- [service-ingestion] [           main] o.s.b.f.s.DefaultListableBeanFactory     : Creating shared instance of singleton bean 'kafkaTemplate'
2025-06-26T12:55:04.025+01:00 DEBUG 214097 --- [service-ingestion] [           main] o.s.b.f.s.DefaultListableBeanFactory     : Creating shared instance of singleton bean 'producerFactory'
2025-06-26T12:55:04.045+01:00 DEBUG 214097 --- [service-ingestion] [           main] o.s.b.f.s.DefaultListableBeanFactory     : Autowiring by type from bean name 'errorPublishService' via constructor to bean named 'kafkaTemplate'
2025-06-26T12:55:04.051+01:00 DEBUG 214097 --- [service-ingestion] [           main] o.s.b.f.s.DefaultListableBeanFactory     : Autowiring by type from bean name 'errorIngestionController' via constructor to bean named 'errorPublishService'
2025-06-26T12:55:04.053+01:00 DEBUG 214097 --- [service-ingestion] [           main] o.s.b.f.s.DefaultListableBeanFactory     : Creating shared instance of singleton bean 'org.springframework.boot.autoconfigure.AutoConfigurationPackages'
2025-06-26T12:55:04.054+01:00 DEBUG 214097 --- [service-ingestion] [           main] o.s.b.f.s.DefaultListableBeanFactory     : Creating shared instance of singleton bean 'org.springframework.boot.autoconfigure.context.PropertyPlaceholderAutoConfiguration'
2025-06-26T12:55:04.055+01:00 DEBUG 214097 --- [service-ingestion] [           main] o.s.b.f.s.DefaultListableBeanFactory     : Creating shared instance of singleton bean 'org.springframework.boot.autoconfigure.ssl.SslAutoConfiguration'
2025-06-26T12:55:04.056+01:00 DEBUG 214097 --- [service-ingestion] [           main] o.s.b.f.s.DefaultListableBeanFactory     : Creating shared instance of singleton bean 'spring.ssl-org.springframework.boot.autoconfigure.ssl.SslProperties'
2025-06-26T12:55:04.059+01:00 DEBUG 214097 --- [service-ingestion] [           main] o.s.b.f.s.DefaultListableBeanFactory     : Autowiring by type from bean name 'org.springframework.boot.autoconfigure.ssl.SslAutoConfiguration' via constructor to bean named 'org.springframework.web.context.support.GenericWebApplicationContext@1e34c607'
2025-06-26T12:55:04.059+01:00 DEBUG 214097 --- [service-ingestion] [           main] o.s.b.f.s.DefaultListableBeanFactory     : Autowiring by type from bean name 'org.springframework.boot.autoconfigure.ssl.SslAutoConfiguration' via constructor to bean named 'spring.ssl-org.springframework.boot.autoconfigure.ssl.SslProperties'
2025-06-26T12:55:04.062+01:00 DEBUG 214097 --- [service-ingestion] [           main] o.s.b.f.s.DefaultListableBeanFactory     : Creating shared instance of singleton bean 'fileWatcher'
2025-06-26T12:55:04.064+01:00 DEBUG 214097 --- [service-ingestion] [           main] o.s.b.f.s.DefaultListableBeanFactory     : Creating shared instance of singleton bean 'sslPropertiesSslBundleRegistrar'
2025-06-26T12:55:04.065+01:00 DEBUG 214097 --- [service-ingestion] [           main] o.s.b.f.s.DefaultListableBeanFactory     : Autowiring by type from bean name 'sslPropertiesSslBundleRegistrar' via factory method to bean named 'fileWatcher'
2025-06-26T12:55:04.066+01:00 DEBUG 214097 --- [service-ingestion] [           main] o.s.b.f.s.DefaultListableBeanFactory     : Creating shared instance of singleton bean 'sslBundleRegistry'
2025-06-26T12:55:04.071+01:00 DEBUG 214097 --- [service-ingestion] [           main] o.s.b.f.s.DefaultListableBeanFactory     : Creating shared instance of singleton bean 'org.springframework.boot.autoconfigure.websocket.servlet.WebSocketServletAutoConfiguration$TomcatWebSocketConfiguration'
2025-06-26T12:55:04.072+01:00 DEBUG 214097 --- [service-ingestion] [           main] o.s.b.f.s.DefaultListableBeanFactory     : Creating shared instance of singleton bean 'websocketServletWebServerCustomizer'
2025-06-26T12:55:04.075+01:00 DEBUG 214097 --- [service-ingestion] [           main] o.s.b.f.s.DefaultListableBeanFactory     : Creating shared instance of singleton bean 'org.springframework.boot.autoconfigure.websocket.servlet.WebSocketServletAutoConfiguration'
2025-06-26T12:55:04.076+01:00 DEBUG 214097 --- [service-ingestion] [           main] o.s.b.f.s.DefaultListableBeanFactory     : Creating shared instance of singleton bean 'org.springframework.boot.autoconfigure.web.servlet.ServletWebServerFactoryConfiguration$EmbeddedTomcat'
2025-06-26T12:55:04.076+01:00 DEBUG 214097 --- [service-ingestion] [           main] o.s.b.f.s.DefaultListableBeanFactory     : Creating shared instance of singleton bean 'tomcatServletWebServerFactory'
2025-06-26T12:55:04.101+01:00 DEBUG 214097 --- [service-ingestion] [           main] o.s.b.f.s.DefaultListableBeanFactory     : Creating shared instance of singleton bean 'servletWebServerFactoryCustomizer'
2025-06-26T12:55:04.101+01:00 DEBUG 214097 --- [service-ingestion] [           main] o.s.b.f.s.DefaultListableBeanFactory     : Creating shared instance of singleton bean 'org.springframework.boot.autoconfigure.web.servlet.ServletWebServerFactoryAutoConfiguration'
2025-06-26T12:55:04.103+01:00 DEBUG 214097 --- [service-ingestion] [           main] o.s.b.f.s.DefaultListableBeanFactory     : Creating shared instance of singleton bean 'server-org.springframework.boot.autoconfigure.web.ServerProperties'
2025-06-26T12:55:04.112+01:00 DEBUG 214097 --- [service-ingestion] [           main] o.s.b.f.s.DefaultListableBeanFactory     : Autowiring by type from bean name 'servletWebServerFactoryCustomizer' via factory method to bean named 'server-org.springframework.boot.autoconfigure.web.ServerProperties'
2025-06-26T12:55:04.114+01:00 DEBUG 214097 --- [service-ingestion] [           main] o.s.b.f.s.DefaultListableBeanFactory     : Creating shared instance of singleton bean 'tomcatServletWebServerFactoryCustomizer'
2025-06-26T12:55:04.115+01:00 DEBUG 214097 --- [service-ingestion] [           main] o.s.b.f.s.DefaultListableBeanFactory     : Autowiring by type from bean name 'tomcatServletWebServerFactoryCustomizer' via factory method to bean named 'server-org.springframework.boot.autoconfigure.web.ServerProperties'
2025-06-26T12:55:04.116+01:00 DEBUG 214097 --- [service-ingestion] [           main] o.s.b.f.s.DefaultListableBeanFactory     : Creating shared instance of singleton bean 'localeCharsetMappingsCustomizer'
2025-06-26T12:55:04.116+01:00 DEBUG 214097 --- [service-ingestion] [           main] o.s.b.f.s.DefaultListableBeanFactory     : Creating shared instance of singleton bean 'org.springframework.boot.autoconfigure.web.servlet.HttpEncodingAutoConfiguration'
2025-06-26T12:55:04.116+01:00 DEBUG 214097 --- [service-ingestion] [           main] o.s.b.f.s.DefaultListableBeanFactory     : Autowiring by type from bean name 'org.springframework.boot.autoconfigure.web.servlet.HttpEncodingAutoConfiguration' via constructor to bean named 'server-org.springframework.boot.autoconfigure.web.ServerProperties'
2025-06-26T12:55:04.125+01:00 DEBUG 214097 --- [service-ingestion] [           main] o.s.b.f.s.DefaultListableBeanFactory     : Creating shared instance of singleton bean 'errorPageCustomizer'
2025-06-26T12:55:04.125+01:00 DEBUG 214097 --- [service-ingestion] [           main] o.s.b.f.s.DefaultListableBeanFactory     : Creating shared instance of singleton bean 'org.springframework.boot.autoconfigure.web.servlet.error.ErrorMvcAutoConfiguration'
2025-06-26T12:55:04.125+01:00 DEBUG 214097 --- [service-ingestion] [           main] o.s.b.f.s.DefaultListableBeanFactory     : Autowiring by type from bean name 'org.springframework.boot.autoconfigure.web.servlet.error.ErrorMvcAutoConfiguration' via constructor to bean named 'server-org.springframework.boot.autoconfigure.web.ServerProperties'
2025-06-26T12:55:04.126+01:00 DEBUG 214097 --- [service-ingestion] [           main] o.s.b.f.s.DefaultListableBeanFactory     : Creating shared instance of singleton bean 'dispatcherServletRegistration'
2025-06-26T12:55:04.126+01:00 DEBUG 214097 --- [service-ingestion] [           main] o.s.b.f.s.DefaultListableBeanFactory     : Creating shared instance of singleton bean 'org.springframework.boot.autoconfigure.web.servlet.DispatcherServletAutoConfiguration$DispatcherServletRegistrationConfiguration'
2025-06-26T12:55:04.127+01:00 DEBUG 214097 --- [service-ingestion] [           main] o.s.b.f.s.DefaultListableBeanFactory     : Creating shared instance of singleton bean 'dispatcherServlet'
2025-06-26T12:55:04.127+01:00 DEBUG 214097 --- [service-ingestion] [           main] o.s.b.f.s.DefaultListableBeanFactory     : Creating shared instance of singleton bean 'org.springframework.boot.autoconfigure.web.servlet.DispatcherServletAutoConfiguration$DispatcherServletConfiguration'
2025-06-26T12:55:04.128+01:00 DEBUG 214097 --- [service-ingestion] [           main] o.s.b.f.s.DefaultListableBeanFactory     : Creating shared instance of singleton bean 'spring.mvc-org.springframework.boot.autoconfigure.web.servlet.WebMvcProperties'
2025-06-26T12:55:04.131+01:00 DEBUG 214097 --- [service-ingestion] [           main] o.s.b.f.s.DefaultListableBeanFactory     : Autowiring by type from bean name 'dispatcherServlet' via factory method to bean named 'spring.mvc-org.springframework.boot.autoconfigure.web.servlet.WebMvcProperties'
2025-06-26T12:55:04.147+01:00 DEBUG 214097 --- [service-ingestion] [           main] o.s.b.f.s.DefaultListableBeanFactory     : Autowiring by type from bean name 'dispatcherServletRegistration' via factory method to bean named 'dispatcherServlet'
2025-06-26T12:55:04.147+01:00 DEBUG 214097 --- [service-ingestion] [           main] o.s.b.f.s.DefaultListableBeanFactory     : Autowiring by type from bean name 'dispatcherServletRegistration' via factory method to bean named 'spring.mvc-org.springframework.boot.autoconfigure.web.servlet.WebMvcProperties'
2025-06-26T12:55:04.151+01:00 DEBUG 214097 --- [service-ingestion] [           main] o.s.b.f.s.DefaultListableBeanFactory     : Creating shared instance of singleton bean 'multipartConfigElement'
2025-06-26T12:55:04.151+01:00 DEBUG 214097 --- [service-ingestion] [           main] o.s.b.f.s.DefaultListableBeanFactory     : Creating shared instance of singleton bean 'org.springframework.boot.autoconfigure.web.servlet.MultipartAutoConfiguration'
2025-06-26T12:55:04.152+01:00 DEBUG 214097 --- [service-ingestion] [           main] o.s.b.f.s.DefaultListableBeanFactory     : Creating shared instance of singleton bean 'spring.servlet.multipart-org.springframework.boot.autoconfigure.web.servlet.MultipartProperties'
2025-06-26T12:55:04.156+01:00 DEBUG 214097 --- [service-ingestion] [           main] o.s.b.f.s.DefaultListableBeanFactory     : Autowiring by type from bean name 'org.springframework.boot.autoconfigure.web.servlet.MultipartAutoConfiguration' via constructor to bean named 'spring.servlet.multipart-org.springframework.boot.autoconfigure.web.servlet.MultipartProperties'
2025-06-26T12:55:04.163+01:00 DEBUG 214097 --- [service-ingestion] [           main] o.s.b.f.s.DefaultListableBeanFactory     : Autowiring by type from bean name 'errorPageCustomizer' via factory method to bean named 'dispatcherServletRegistration'
2025-06-26T12:55:04.166+01:00 DEBUG 214097 --- [service-ingestion] [           main] o.s.b.f.s.DefaultListableBeanFactory     : Creating shared instance of singleton bean 'org.springframework.boot.autoconfigure.web.servlet.DispatcherServletAutoConfiguration'
2025-06-26T12:55:04.166+01:00 DEBUG 214097 --- [service-ingestion] [           main] o.s.b.f.s.DefaultListableBeanFactory     : Creating shared instance of singleton bean 'org.springframework.boot.autoconfigure.task.TaskExecutorConfigurations$SimpleAsyncTaskExecutorBuilderConfiguration'
2025-06-26T12:55:04.167+01:00 DEBUG 214097 --- [service-ingestion] [           main] o.s.b.f.s.DefaultListableBeanFactory     : Autowiring by type from bean name 'org.springframework.boot.autoconfigure.task.TaskExecutorConfigurations$SimpleAsyncTaskExecutorBuilderConfiguration' via constructor to bean named 'spring.task.execution-org.springframework.boot.autoconfigure.task.TaskExecutionProperties'
2025-06-26T12:55:04.168+01:00 DEBUG 214097 --- [service-ingestion] [           main] o.s.b.f.s.DefaultListableBeanFactory     : Creating shared instance of singleton bean 'simpleAsyncTaskExecutorBuilder'
2025-06-26T12:55:04.170+01:00 DEBUG 214097 --- [service-ingestion] [           main] o.s.b.f.s.DefaultListableBeanFactory     : Creating shared instance of singleton bean 'org.springframework.boot.autoconfigure.task.TaskExecutorConfigurations$AsyncConfigurerConfiguration'
2025-06-26T12:55:04.171+01:00 DEBUG 214097 --- [service-ingestion] [           main] o.s.b.f.s.DefaultListableBeanFactory     : Creating shared instance of singleton bean 'applicationTaskExecutorAsyncConfigurer'
2025-06-26T12:55:04.171+01:00 DEBUG 214097 --- [service-ingestion] [           main] o.s.b.f.s.DefaultListableBeanFactory     : Autowiring by type from bean name 'applicationTaskExecutorAsyncConfigurer' via factory method to bean named 'org.springframework.beans.factory.support.DefaultListableBeanFactory@203dd56b'
2025-06-26T12:55:04.173+01:00 DEBUG 214097 --- [service-ingestion] [           main] o.s.b.f.s.DefaultListableBeanFactory     : Creating shared instance of singleton bean 'org.springframework.boot.autoconfigure.task.TaskExecutorConfigurations$BootstrapExecutorConfiguration'
2025-06-26T12:55:04.173+01:00 DEBUG 214097 --- [service-ingestion] [           main] o.s.b.f.s.DefaultListableBeanFactory     : Creating shared instance of singleton bean 'org.springframework.boot.autoconfigure.task.TaskExecutionAutoConfiguration'
2025-06-26T12:55:04.174+01:00 DEBUG 214097 --- [service-ingestion] [           main] o.s.b.f.s.DefaultListableBeanFactory     : Creating shared instance of singleton bean 'org.springframework.boot.autoconfigure.validation.ValidationAutoConfiguration'
2025-06-26T12:55:04.174+01:00 DEBUG 214097 --- [service-ingestion] [           main] o.s.b.f.s.DefaultListableBeanFactory     : Creating shared instance of singleton bean 'defaultValidator'
2025-06-26T12:55:04.175+01:00 DEBUG 214097 --- [service-ingestion] [           main] o.s.b.f.s.DefaultListableBeanFactory     : Autowiring by type from bean name 'defaultValidator' via factory method to bean named 'org.springframework.web.context.support.GenericWebApplicationContext@1e34c607'
2025-06-26T12:55:04.190+01:00 DEBUG 214097 --- [service-ingestion] [           main] o.s.b.f.s.DefaultListableBeanFactory     : Creating shared instance of singleton bean 'org.springframework.boot.autoconfigure.web.servlet.error.ErrorMvcAutoConfiguration$WhitelabelErrorViewConfiguration'
2025-06-26T12:55:04.191+01:00 DEBUG 214097 --- [service-ingestion] [           main] o.s.b.f.s.DefaultListableBeanFactory     : Creating shared instance of singleton bean 'error'
2025-06-26T12:55:04.192+01:00 DEBUG 214097 --- [service-ingestion] [           main] o.s.b.f.s.DefaultListableBeanFactory     : Creating shared instance of singleton bean 'beanNameViewResolver'
2025-06-26T12:55:04.193+01:00 DEBUG 214097 --- [service-ingestion] [           main] o.s.b.f.s.DefaultListableBeanFactory     : Creating shared instance of singleton bean 'org.springframework.boot.autoconfigure.web.servlet.error.ErrorMvcAutoConfiguration$DefaultErrorViewResolverConfiguration'
2025-06-26T12:55:04.194+01:00 DEBUG 214097 --- [service-ingestion] [           main] o.s.b.f.s.DefaultListableBeanFactory     : Creating shared instance of singleton bean 'spring.web-org.springframework.boot.autoconfigure.web.WebProperties'
2025-06-26T12:55:04.196+01:00 DEBUG 214097 --- [service-ingestion] [           main] o.s.b.f.s.DefaultListableBeanFactory     : Autowiring by type from bean name 'org.springframework.boot.autoconfigure.web.servlet.error.ErrorMvcAutoConfiguration$DefaultErrorViewResolverConfiguration' via constructor to bean named 'org.springframework.web.context.support.GenericWebApplicationContext@1e34c607'
2025-06-26T12:55:04.196+01:00 DEBUG 214097 --- [service-ingestion] [           main] o.s.b.f.s.DefaultListableBeanFactory     : Autowiring by type from bean name 'org.springframework.boot.autoconfigure.web.servlet.error.ErrorMvcAutoConfiguration$DefaultErrorViewResolverConfiguration' via constructor to bean named 'spring.web-org.springframework.boot.autoconfigure.web.WebProperties'
2025-06-26T12:55:04.196+01:00 DEBUG 214097 --- [service-ingestion] [           main] o.s.b.f.s.DefaultListableBeanFactory     : Creating shared instance of singleton bean 'conventionErrorViewResolver'
2025-06-26T12:55:04.198+01:00 DEBUG 214097 --- [service-ingestion] [           main] o.s.b.f.s.DefaultListableBeanFactory     : Creating shared instance of singleton bean 'errorAttributes'
2025-06-26T12:55:04.199+01:00 DEBUG 214097 --- [service-ingestion] [           main] o.s.b.f.s.DefaultListableBeanFactory     : Creating shared instance of singleton bean 'basicErrorController'
2025-06-26T12:55:04.199+01:00 DEBUG 214097 --- [service-ingestion] [           main] o.s.b.f.s.DefaultListableBeanFactory     : Autowiring by type from bean name 'basicErrorController' via factory method to bean named 'errorAttributes'
2025-06-26T12:55:04.204+01:00 DEBUG 214097 --- [service-ingestion] [           main] o.s.b.f.s.DefaultListableBeanFactory     : Creating shared instance of singleton bean 'org.springframework.boot.autoconfigure.web.servlet.WebMvcAutoConfiguration$EnableWebMvcConfiguration'
2025-06-26T12:55:04.208+01:00 DEBUG 214097 --- [service-ingestion] [           main] o.s.b.f.s.DefaultListableBeanFactory     : Autowiring by type from bean name 'org.springframework.boot.autoconfigure.web.servlet.WebMvcAutoConfiguration$EnableWebMvcConfiguration' via constructor to bean named 'spring.mvc-org.springframework.boot.autoconfigure.web.servlet.WebMvcProperties'
2025-06-26T12:55:04.208+01:00 DEBUG 214097 --- [service-ingestion] [           main] o.s.b.f.s.DefaultListableBeanFactory     : Autowiring by type from bean name 'org.springframework.boot.autoconfigure.web.servlet.WebMvcAutoConfiguration$EnableWebMvcConfiguration' via constructor to bean named 'spring.web-org.springframework.boot.autoconfigure.web.WebProperties'
2025-06-26T12:55:04.208+01:00 DEBUG 214097 --- [service-ingestion] [           main] o.s.b.f.s.DefaultListableBeanFactory     : Autowiring by type from bean name 'org.springframework.boot.autoconfigure.web.servlet.WebMvcAutoConfiguration$EnableWebMvcConfiguration' via constructor to bean named 'org.springframework.beans.factory.support.DefaultListableBeanFactory@203dd56b'
2025-06-26T12:55:04.213+01:00 DEBUG 214097 --- [service-ingestion] [           main] o.s.b.f.s.DefaultListableBeanFactory     : Creating shared instance of singleton bean 'org.springframework.boot.autoconfigure.web.servlet.WebMvcAutoConfiguration$WebMvcAutoConfigurationAdapter'
2025-06-26T12:55:04.214+01:00 DEBUG 214097 --- [service-ingestion] [           main] o.s.b.f.s.DefaultListableBeanFactory     : Autowiring by type from bean name 'org.springframework.boot.autoconfigure.web.servlet.WebMvcAutoConfiguration$WebMvcAutoConfigurationAdapter' via constructor to bean named 'spring.web-org.springframework.boot.autoconfigure.web.WebProperties'
2025-06-26T12:55:04.214+01:00 DEBUG 214097 --- [service-ingestion] [           main] o.s.b.f.s.DefaultListableBeanFactory     : Autowiring by type from bean name 'org.springframework.boot.autoconfigure.web.servlet.WebMvcAutoConfiguration$WebMvcAutoConfigurationAdapter' via constructor to bean named 'spring.mvc-org.springframework.boot.autoconfigure.web.servlet.WebMvcProperties'
2025-06-26T12:55:04.214+01:00 DEBUG 214097 --- [service-ingestion] [           main] o.s.b.f.s.DefaultListableBeanFactory     : Autowiring by type from bean name 'org.springframework.boot.autoconfigure.web.servlet.WebMvcAutoConfiguration$WebMvcAutoConfigurationAdapter' via constructor to bean named 'org.springframework.beans.factory.support.DefaultListableBeanFactory@203dd56b'
2025-06-26T12:55:04.217+01:00 DEBUG 214097 --- [service-ingestion] [           main] o.s.b.f.s.DefaultListableBeanFactory     : Creating shared instance of singleton bean 'welcomePageHandlerMapping'
2025-06-26T12:55:04.218+01:00 DEBUG 214097 --- [service-ingestion] [           main] o.s.b.f.s.DefaultListableBeanFactory     : Creating shared instance of singleton bean 'mvcConversionService'
2025-06-26T12:55:04.221+01:00 DEBUG 214097 --- [service-ingestion] [           main] o.s.b.f.s.DefaultListableBeanFactory     : Creating shared instance of singleton bean 'mvcResourceUrlProvider'
2025-06-26T12:55:04.225+01:00 DEBUG 214097 --- [service-ingestion] [           main] o.s.b.f.s.DefaultListableBeanFactory     : Autowiring by type from bean name 'welcomePageHandlerMapping' via factory method to bean named 'org.springframework.web.context.support.GenericWebApplicationContext@1e34c607'
2025-06-26T12:55:04.225+01:00 DEBUG 214097 --- [service-ingestion] [           main] o.s.b.f.s.DefaultListableBeanFactory     : Autowiring by type from bean name 'welcomePageHandlerMapping' via factory method to bean named 'mvcConversionService'
2025-06-26T12:55:04.225+01:00 DEBUG 214097 --- [service-ingestion] [           main] o.s.b.f.s.DefaultListableBeanFactory     : Autowiring by type from bean name 'welcomePageHandlerMapping' via factory method to bean named 'mvcResourceUrlProvider'
2025-06-26T12:55:04.240+01:00 DEBUG 214097 --- [service-ingestion] [           main] o.s.b.f.s.DefaultListableBeanFactory     : Creating shared instance of singleton bean 'welcomePageNotAcceptableHandlerMapping'
2025-06-26T12:55:04.242+01:00 DEBUG 214097 --- [service-ingestion] [           main] o.s.b.f.s.DefaultListableBeanFactory     : Autowiring by type from bean name 'welcomePageNotAcceptableHandlerMapping' via factory method to bean named 'org.springframework.web.context.support.GenericWebApplicationContext@1e34c607'
2025-06-26T12:55:04.243+01:00 DEBUG 214097 --- [service-ingestion] [           main] o.s.b.f.s.DefaultListableBeanFactory     : Autowiring by type from bean name 'welcomePageNotAcceptableHandlerMapping' via factory method to bean named 'mvcConversionService'
2025-06-26T12:55:04.243+01:00 DEBUG 214097 --- [service-ingestion] [           main] o.s.b.f.s.DefaultListableBeanFactory     : Autowiring by type from bean name 'welcomePageNotAcceptableHandlerMapping' via factory method to bean named 'mvcResourceUrlProvider'
2025-06-26T12:55:04.247+01:00 DEBUG 214097 --- [service-ingestion] [           main] o.s.b.f.s.DefaultListableBeanFactory     : Creating shared instance of singleton bean 'localeResolver'
2025-06-26T12:55:04.248+01:00 DEBUG 214097 --- [service-ingestion] [           main] o.s.b.f.s.DefaultListableBeanFactory     : Creating shared instance of singleton bean 'themeResolver'
2025-06-26T12:55:04.249+01:00 DEBUG 214097 --- [service-ingestion] [           main] o.s.b.f.s.DefaultListableBeanFactory     : Creating shared instance of singleton bean 'flashMapManager'
2025-06-26T12:55:04.252+01:00 DEBUG 214097 --- [service-ingestion] [           main] o.s.b.f.s.DefaultListableBeanFactory     : Creating shared instance of singleton bean 'viewNameTranslator'
2025-06-26T12:55:04.253+01:00 DEBUG 214097 --- [service-ingestion] [           main] o.s.b.f.s.DefaultListableBeanFactory     : Creating shared instance of singleton bean 'mvcValidator'
2025-06-26T12:55:04.255+01:00 DEBUG 214097 --- [service-ingestion] [           main] o.s.b.f.s.DefaultListableBeanFactory     : Creating shared instance of singleton bean 'mvcContentNegotiationManager'
2025-06-26T12:55:04.258+01:00 DEBUG 214097 --- [service-ingestion] [           main] o.s.b.f.s.DefaultListableBeanFactory     : Creating shared instance of singleton bean 'requestMappingHandlerMapping'
2025-06-26T12:55:04.261+01:00 DEBUG 214097 --- [service-ingestion] [           main] o.s.b.f.s.DefaultListableBeanFactory     : Autowiring by type from bean name 'requestMappingHandlerMapping' via factory method to bean named 'mvcContentNegotiationManager'
2025-06-26T12:55:04.262+01:00 DEBUG 214097 --- [service-ingestion] [           main] o.s.b.f.s.DefaultListableBeanFactory     : Autowiring by type from bean name 'requestMappingHandlerMapping' via factory method to bean named 'mvcConversionService'
2025-06-26T12:55:04.262+01:00 DEBUG 214097 --- [service-ingestion] [           main] o.s.b.f.s.DefaultListableBeanFactory     : Autowiring by type from bean name 'requestMappingHandlerMapping' via factory method to bean named 'mvcResourceUrlProvider'
2025-06-26T12:55:04.311+01:00 DEBUG 214097 --- [service-ingestion] [           main] o.s.b.f.s.DefaultListableBeanFactory     : Creating shared instance of singleton bean 'mvcPatternParser'
2025-06-26T12:55:04.312+01:00 DEBUG 214097 --- [service-ingestion] [           main] o.s.b.f.s.DefaultListableBeanFactory     : Creating shared instance of singleton bean 'mvcUrlPathHelper'
2025-06-26T12:55:04.313+01:00 DEBUG 214097 --- [service-ingestion] [           main] o.s.b.f.s.DefaultListableBeanFactory     : Creating shared instance of singleton bean 'mvcPathMatcher'
2025-06-26T12:55:04.314+01:00 DEBUG 214097 --- [service-ingestion] [           main] o.s.b.f.s.DefaultListableBeanFactory     : Creating shared instance of singleton bean 'viewControllerHandlerMapping'
2025-06-26T12:55:04.315+01:00 DEBUG 214097 --- [service-ingestion] [           main] o.s.b.f.s.DefaultListableBeanFactory     : Autowiring by type from bean name 'viewControllerHandlerMapping' via factory method to bean named 'mvcConversionService'
2025-06-26T12:55:04.315+01:00 DEBUG 214097 --- [service-ingestion] [           main] o.s.b.f.s.DefaultListableBeanFactory     : Autowiring by type from bean name 'viewControllerHandlerMapping' via factory method to bean named 'mvcResourceUrlProvider'
2025-06-26T12:55:04.315+01:00 DEBUG 214097 --- [service-ingestion] [           main] o.s.b.f.s.DefaultListableBeanFactory     : Creating shared instance of singleton bean 'beanNameHandlerMapping'
2025-06-26T12:55:04.316+01:00 DEBUG 214097 --- [service-ingestion] [           main] o.s.b.f.s.DefaultListableBeanFactory     : Autowiring by type from bean name 'beanNameHandlerMapping' via factory method to bean named 'mvcConversionService'
2025-06-26T12:55:04.316+01:00 DEBUG 214097 --- [service-ingestion] [           main] o.s.b.f.s.DefaultListableBeanFactory     : Autowiring by type from bean name 'beanNameHandlerMapping' via factory method to bean named 'mvcResourceUrlProvider'
2025-06-26T12:55:04.318+01:00 DEBUG 214097 --- [service-ingestion] [           main] o.s.b.f.s.DefaultListableBeanFactory     : Creating shared instance of singleton bean 'routerFunctionMapping'
2025-06-26T12:55:04.318+01:00 DEBUG 214097 --- [service-ingestion] [           main] o.s.b.f.s.DefaultListableBeanFactory     : Autowiring by type from bean name 'routerFunctionMapping' via factory method to bean named 'mvcConversionService'
2025-06-26T12:55:04.318+01:00 DEBUG 214097 --- [service-ingestion] [           main] o.s.b.f.s.DefaultListableBeanFactory     : Autowiring by type from bean name 'routerFunctionMapping' via factory method to bean named 'mvcResourceUrlProvider'
2025-06-26T12:55:04.319+01:00 DEBUG 214097 --- [service-ingestion] [           main] o.s.b.f.s.DefaultListableBeanFactory     : Creating shared instance of singleton bean 'messageConverters'
2025-06-26T12:55:04.319+01:00 DEBUG 214097 --- [service-ingestion] [           main] o.s.b.f.s.DefaultListableBeanFactory     : Creating shared instance of singleton bean 'org.springframework.boot.autoconfigure.http.HttpMessageConvertersAutoConfiguration'
2025-06-26T12:55:04.321+01:00 DEBUG 214097 --- [service-ingestion] [           main] o.s.b.f.s.DefaultListableBeanFactory     : Creating shared instance of singleton bean 'stringHttpMessageConverter'
2025-06-26T12:55:04.321+01:00 DEBUG 214097 --- [service-ingestion] [           main] o.s.b.f.s.DefaultListableBeanFactory     : Creating shared instance of singleton bean 'org.springframework.boot.autoconfigure.http.HttpMessageConvertersAutoConfiguration$StringHttpMessageConverterConfiguration'
2025-06-26T12:55:04.322+01:00 DEBUG 214097 --- [service-ingestion] [           main] o.s.b.f.s.DefaultListableBeanFactory     : Autowiring by type from bean name 'stringHttpMessageConverter' via factory method to bean named 'environment'
2025-06-26T12:55:04.325+01:00 DEBUG 214097 --- [service-ingestion] [           main] o.s.b.f.s.DefaultListableBeanFactory     : Creating shared instance of singleton bean 'mappingJackson2HttpMessageConverter'
2025-06-26T12:55:04.326+01:00 DEBUG 214097 --- [service-ingestion] [           main] o.s.b.f.s.DefaultListableBeanFactory     : Creating shared instance of singleton bean 'org.springframework.boot.autoconfigure.http.JacksonHttpMessageConvertersConfiguration$MappingJackson2HttpMessageConverterConfiguration'
2025-06-26T12:55:04.327+01:00 DEBUG 214097 --- [service-ingestion] [           main] o.s.b.f.s.DefaultListableBeanFactory     : Creating shared instance of singleton bean 'jacksonObjectMapper'
2025-06-26T12:55:04.327+01:00 DEBUG 214097 --- [service-ingestion] [           main] o.s.b.f.s.DefaultListableBeanFactory     : Creating shared instance of singleton bean 'org.springframework.boot.autoconfigure.jackson.JacksonAutoConfiguration$JacksonObjectMapperConfiguration'
2025-06-26T12:55:04.328+01:00 DEBUG 214097 --- [service-ingestion] [           main] o.s.b.f.s.DefaultListableBeanFactory     : Creating shared instance of singleton bean 'org.springframework.boot.autoconfigure.jackson.JacksonAutoConfiguration$JacksonObjectMapperBuilderConfiguration'
2025-06-26T12:55:04.329+01:00 DEBUG 214097 --- [service-ingestion] [           main] o.s.b.f.s.DefaultListableBeanFactory     : Creating shared instance of singleton bean 'standardJacksonObjectMapperBuilderCustomizer'
2025-06-26T12:55:04.329+01:00 DEBUG 214097 --- [service-ingestion] [           main] o.s.b.f.s.DefaultListableBeanFactory     : Creating shared instance of singleton bean 'org.springframework.boot.autoconfigure.jackson.JacksonAutoConfiguration$Jackson2ObjectMapperBuilderCustomizerConfiguration'
2025-06-26T12:55:04.330+01:00 DEBUG 214097 --- [service-ingestion] [           main] o.s.b.f.s.DefaultListableBeanFactory     : Creating shared instance of singleton bean 'spring.jackson-org.springframework.boot.autoconfigure.jackson.JacksonProperties'
2025-06-26T12:55:04.332+01:00 DEBUG 214097 --- [service-ingestion] [           main] o.s.b.f.s.DefaultListableBeanFactory     : Autowiring by type from bean name 'standardJacksonObjectMapperBuilderCustomizer' via factory method to bean named 'spring.jackson-org.springframework.boot.autoconfigure.jackson.JacksonProperties'
2025-06-26T12:55:04.333+01:00 DEBUG 214097 --- [service-ingestion] [           main] o.s.b.f.s.DefaultListableBeanFactory     : Creating shared instance of singleton bean 'parameterNamesModule'
2025-06-26T12:55:04.333+01:00 DEBUG 214097 --- [service-ingestion] [           main] o.s.b.f.s.DefaultListableBeanFactory     : Creating shared instance of singleton bean 'org.springframework.boot.autoconfigure.jackson.JacksonAutoConfiguration$ParameterNamesModuleConfiguration'
2025-06-26T12:55:04.335+01:00 DEBUG 214097 --- [service-ingestion] [           main] o.s.b.f.s.DefaultListableBeanFactory     : Creating shared instance of singleton bean 'jsonMixinModule'
2025-06-26T12:55:04.335+01:00 DEBUG 214097 --- [service-ingestion] [           main] o.s.b.f.s.DefaultListableBeanFactory     : Creating shared instance of singleton bean 'org.springframework.boot.autoconfigure.jackson.JacksonAutoConfiguration$JacksonMixinConfiguration'
2025-06-26T12:55:04.336+01:00 DEBUG 214097 --- [service-ingestion] [           main] o.s.b.f.s.DefaultListableBeanFactory     : Creating shared instance of singleton bean 'jsonMixinModuleEntries'
2025-06-26T12:55:04.336+01:00 DEBUG 214097 --- [service-ingestion] [           main] o.s.b.f.s.DefaultListableBeanFactory     : Autowiring by type from bean name 'jsonMixinModuleEntries' via factory method to bean named 'org.springframework.web.context.support.GenericWebApplicationContext@1e34c607'
2025-06-26T12:55:04.340+01:00 DEBUG 214097 --- [service-ingestion] [           main] o.s.b.f.s.DefaultListableBeanFactory     : Autowiring by type from bean name 'jsonMixinModule' via factory method to bean named 'org.springframework.web.context.support.GenericWebApplicationContext@1e34c607'
2025-06-26T12:55:04.340+01:00 DEBUG 214097 --- [service-ingestion] [           main] o.s.b.f.s.DefaultListableBeanFactory     : Autowiring by type from bean name 'jsonMixinModule' via factory method to bean named 'jsonMixinModuleEntries'
2025-06-26T12:55:04.341+01:00 DEBUG 214097 --- [service-ingestion] [           main] o.s.b.f.s.DefaultListableBeanFactory     : Creating shared instance of singleton bean 'jsonComponentModule'
2025-06-26T12:55:04.341+01:00 DEBUG 214097 --- [service-ingestion] [           main] o.s.b.f.s.DefaultListableBeanFactory     : Creating shared instance of singleton bean 'org.springframework.boot.autoconfigure.jackson.JacksonAutoConfiguration'
2025-06-26T12:55:04.346+01:00 DEBUG 214097 --- [service-ingestion] [           main] o.s.b.f.s.DefaultListableBeanFactory     : Autowiring by type from bean name 'jacksonObjectMapperBuilder' via factory method to bean named 'org.springframework.web.context.support.GenericWebApplicationContext@1e34c607'
2025-06-26T12:55:04.346+01:00 DEBUG 214097 --- [service-ingestion] [           main] o.s.b.f.s.DefaultListableBeanFactory     : Autowiring by type from bean name 'jacksonObjectMapperBuilder' via factory method to bean named 'standardJacksonObjectMapperBuilderCustomizer'
2025-06-26T12:55:04.352+01:00 DEBUG 214097 --- [service-ingestion] [           main] o.s.b.f.s.DefaultListableBeanFactory     : Autowiring by type from bean name 'jacksonObjectMapper' via factory method to bean named 'jacksonObjectMapperBuilder'
2025-06-26T12:55:04.362+01:00 DEBUG 214097 --- [service-ingestion] [           main] o.s.b.f.s.DefaultListableBeanFactory     : Autowiring by type from bean name 'mappingJackson2HttpMessageConverter' via factory method to bean named 'jacksonObjectMapper'
2025-06-26T12:55:04.371+01:00 DEBUG 214097 --- [service-ingestion] [           main] o.s.b.f.s.DefaultListableBeanFactory     : Creating shared instance of singleton bean 'resourceHandlerMapping'
2025-06-26T12:55:04.372+01:00 DEBUG 214097 --- [service-ingestion] [           main] o.s.b.f.s.DefaultListableBeanFactory     : Autowiring by type from bean name 'resourceHandlerMapping' via factory method to bean named 'mvcContentNegotiationManager'
2025-06-26T12:55:04.372+01:00 DEBUG 214097 --- [service-ingestion] [           main] o.s.b.f.s.DefaultListableBeanFactory     : Autowiring by type from bean name 'resourceHandlerMapping' via factory method to bean named 'mvcConversionService'
2025-06-26T12:55:04.372+01:00 DEBUG 214097 --- [service-ingestion] [           main] o.s.b.f.s.DefaultListableBeanFactory     : Autowiring by type from bean name 'resourceHandlerMapping' via factory method to bean named 'mvcResourceUrlProvider'
2025-06-26T12:55:04.397+01:00 DEBUG 214097 --- [service-ingestion] [           main] o.s.b.f.s.DefaultListableBeanFactory     : Creating shared instance of singleton bean 'defaultServletHandlerMapping'
2025-06-26T12:55:04.398+01:00 DEBUG 214097 --- [service-ingestion] [           main] o.s.b.f.s.DefaultListableBeanFactory     : Creating shared instance of singleton bean 'requestMappingHandlerAdapter'
2025-06-26T12:55:04.399+01:00 DEBUG 214097 --- [service-ingestion] [           main] o.s.b.f.s.DefaultListableBeanFactory     : Autowiring by type from bean name 'requestMappingHandlerAdapter' via factory method to bean named 'mvcContentNegotiationManager'
2025-06-26T12:55:04.399+01:00 DEBUG 214097 --- [service-ingestion] [           main] o.s.b.f.s.DefaultListableBeanFactory     : Autowiring by type from bean name 'requestMappingHandlerAdapter' via factory method to bean named 'mvcConversionService'
2025-06-26T12:55:04.399+01:00 DEBUG 214097 --- [service-ingestion] [           main] o.s.b.f.s.DefaultListableBeanFactory     : Autowiring by type from bean name 'requestMappingHandlerAdapter' via factory method to bean named 'mvcValidator'
2025-06-26T12:55:04.422+01:00 DEBUG 214097 --- [service-ingestion] [           main] o.s.b.f.s.DefaultListableBeanFactory     : Creating shared instance of singleton bean 'mvcViewResolver'
2025-06-26T12:55:04.423+01:00 DEBUG 214097 --- [service-ingestion] [           main] o.s.b.f.s.DefaultListableBeanFactory     : Autowiring by type from bean name 'mvcViewResolver' via factory method to bean named 'mvcContentNegotiationManager'
2025-06-26T12:55:04.425+01:00 DEBUG 214097 --- [service-ingestion] [           main] o.s.b.f.s.DefaultListableBeanFactory     : Creating shared instance of singleton bean 'defaultViewResolver'
2025-06-26T12:55:04.430+01:00 DEBUG 214097 --- [service-ingestion] [           main] o.s.b.f.s.DefaultListableBeanFactory     : Creating shared instance of singleton bean 'viewResolver'
2025-06-26T12:55:04.430+01:00 DEBUG 214097 --- [service-ingestion] [           main] o.s.b.f.s.DefaultListableBeanFactory     : Autowiring by type from bean name 'viewResolver' via factory method to bean named 'org.springframework.beans.factory.support.DefaultListableBeanFactory@203dd56b'
2025-06-26T12:55:04.432+01:00 DEBUG 214097 --- [service-ingestion] [           main] o.s.b.f.s.DefaultListableBeanFactory     : Creating shared instance of singleton bean 'viewResolver'
2025-06-26T12:55:04.440+01:00 DEBUG 214097 --- [service-ingestion] [           main] o.s.b.f.s.DefaultListableBeanFactory     : Creating shared instance of singleton bean 'handlerFunctionAdapter'
2025-06-26T12:55:04.442+01:00 DEBUG 214097 --- [service-ingestion] [           main] o.s.b.f.s.DefaultListableBeanFactory     : Creating shared instance of singleton bean 'mvcUriComponentsContributor'
2025-06-26T12:55:04.443+01:00 DEBUG 214097 --- [service-ingestion] [           main] o.s.b.f.s.DefaultListableBeanFactory     : Autowiring by type from bean name 'mvcUriComponentsContributor' via factory method to bean named 'mvcConversionService'
2025-06-26T12:55:04.443+01:00 DEBUG 214097 --- [service-ingestion] [           main] o.s.b.f.s.DefaultListableBeanFactory     : Autowiring by type from bean name 'mvcUriComponentsContributor' via factory method to bean named 'requestMappingHandlerAdapter'
2025-06-26T12:55:04.446+01:00 DEBUG 214097 --- [service-ingestion] [           main] o.s.b.f.s.DefaultListableBeanFactory     : Creating shared instance of singleton bean 'httpRequestHandlerAdapter'
2025-06-26T12:55:04.447+01:00 DEBUG 214097 --- [service-ingestion] [           main] o.s.b.f.s.DefaultListableBeanFactory     : Creating shared instance of singleton bean 'simpleControllerHandlerAdapter'
2025-06-26T12:55:04.447+01:00 DEBUG 214097 --- [service-ingestion] [           main] o.s.b.f.s.DefaultListableBeanFactory     : Creating shared instance of singleton bean 'handlerExceptionResolver'
2025-06-26T12:55:04.447+01:00 DEBUG 214097 --- [service-ingestion] [           main] o.s.b.f.s.DefaultListableBeanFactory     : Autowiring by type from bean name 'handlerExceptionResolver' via factory method to bean named 'mvcContentNegotiationManager'
2025-06-26T12:55:04.455+01:00 DEBUG 214097 --- [service-ingestion] [           main] o.s.b.f.s.DefaultListableBeanFactory     : Creating shared instance of singleton bean 'requestContextFilter'
2025-06-26T12:55:04.456+01:00 DEBUG 214097 --- [service-ingestion] [           main] o.s.b.f.s.DefaultListableBeanFactory     : Creating shared instance of singleton bean 'org.springframework.boot.autoconfigure.web.servlet.WebMvcAutoConfiguration'
2025-06-26T12:55:04.458+01:00 DEBUG 214097 --- [service-ingestion] [           main] o.s.b.f.s.DefaultListableBeanFactory     : Creating shared instance of singleton bean 'formContentFilter'
2025-06-26T12:55:04.461+01:00 DEBUG 214097 --- [service-ingestion] [           main] o.s.b.f.s.DefaultListableBeanFactory     : Creating shared instance of singleton bean 'org.springframework.boot.autoconfigure.aop.AopAutoConfiguration$ClassProxyingConfiguration'
2025-06-26T12:55:04.461+01:00 DEBUG 214097 --- [service-ingestion] [           main] o.s.b.f.s.DefaultListableBeanFactory     : Creating shared instance of singleton bean 'org.springframework.boot.autoconfigure.aop.AopAutoConfiguration'
2025-06-26T12:55:04.461+01:00 DEBUG 214097 --- [service-ingestion] [           main] o.s.b.f.s.DefaultListableBeanFactory     : Creating shared instance of singleton bean 'org.springframework.boot.autoconfigure.availability.ApplicationAvailabilityAutoConfiguration'
2025-06-26T12:55:04.462+01:00 DEBUG 214097 --- [service-ingestion] [           main] o.s.b.f.s.DefaultListableBeanFactory     : Creating shared instance of singleton bean 'applicationAvailability'
2025-06-26T12:55:04.463+01:00 DEBUG 214097 --- [service-ingestion] [           main] o.s.b.f.s.DefaultListableBeanFactory     : Creating shared instance of singleton bean 'org.springframework.boot.autoconfigure.transaction.TransactionManagerCustomizationAutoConfiguration'
2025-06-26T12:55:04.464+01:00 DEBUG 214097 --- [service-ingestion] [           main] o.s.b.f.s.DefaultListableBeanFactory     : Creating shared instance of singleton bean 'platformTransactionManagerCustomizers'
2025-06-26T12:55:04.465+01:00 DEBUG 214097 --- [service-ingestion] [           main] o.s.b.f.s.DefaultListableBeanFactory     : Creating shared instance of singleton bean 'transactionExecutionListeners'
2025-06-26T12:55:04.467+01:00 DEBUG 214097 --- [service-ingestion] [           main] o.s.b.f.s.DefaultListableBeanFactory     : Creating shared instance of singleton bean 'spring.transaction-org.springframework.boot.autoconfigure.transaction.TransactionProperties'
2025-06-26T12:55:04.472+01:00 DEBUG 214097 --- [service-ingestion] [           main] o.s.b.f.s.DefaultListableBeanFactory     : Creating shared instance of singleton bean 'org.springframework.boot.autoconfigure.context.ConfigurationPropertiesAutoConfiguration'
2025-06-26T12:55:04.473+01:00 DEBUG 214097 --- [service-ingestion] [           main] o.s.b.f.s.DefaultListableBeanFactory     : Creating shared instance of singleton bean 'org.springframework.boot.autoconfigure.context.LifecycleAutoConfiguration'
2025-06-26T12:55:04.473+01:00 DEBUG 214097 --- [service-ingestion] [           main] o.s.b.f.s.DefaultListableBeanFactory     : Creating shared instance of singleton bean 'lifecycleProcessor'
2025-06-26T12:55:04.474+01:00 DEBUG 214097 --- [service-ingestion] [           main] o.s.b.f.s.DefaultListableBeanFactory     : Creating shared instance of singleton bean 'spring.lifecycle-org.springframework.boot.autoconfigure.context.LifecycleProperties'
2025-06-26T12:55:04.475+01:00 DEBUG 214097 --- [service-ingestion] [           main] o.s.b.f.s.DefaultListableBeanFactory     : Autowiring by type from bean name 'lifecycleProcessor' via factory method to bean named 'spring.lifecycle-org.springframework.boot.autoconfigure.context.LifecycleProperties'
2025-06-26T12:55:04.477+01:00 DEBUG 214097 --- [service-ingestion] [           main] o.s.b.f.s.DefaultListableBeanFactory     : Creating shared instance of singleton bean 'org.springframework.boot.autoconfigure.dao.PersistenceExceptionTranslationAutoConfiguration'
2025-06-26T12:55:04.478+01:00 DEBUG 214097 --- [service-ingestion] [           main] o.s.b.f.s.DefaultListableBeanFactory     : Creating shared instance of singleton bean 'org.springframework.boot.autoconfigure.http.JacksonHttpMessageConvertersConfiguration'
2025-06-26T12:55:04.478+01:00 DEBUG 214097 --- [service-ingestion] [           main] o.s.b.f.s.DefaultListableBeanFactory     : Creating shared instance of singleton bean 'org.springframework.boot.autoconfigure.http.client.HttpClientAutoConfiguration'
2025-06-26T12:55:04.479+01:00 DEBUG 214097 --- [service-ingestion] [           main] o.s.b.f.s.DefaultListableBeanFactory     : Creating shared instance of singleton bean 'spring.http.client-org.springframework.boot.autoconfigure.http.client.HttpClientProperties'
2025-06-26T12:55:04.481+01:00 DEBUG 214097 --- [service-ingestion] [           main] o.s.b.f.s.DefaultListableBeanFactory     : Autowiring by type from bean name 'org.springframework.boot.autoconfigure.http.client.HttpClientAutoConfiguration' via constructor to bean named 'spring.http.client-org.springframework.boot.autoconfigure.http.client.HttpClientProperties'
2025-06-26T12:55:04.483+01:00 DEBUG 214097 --- [service-ingestion] [           main] o.s.b.f.s.DefaultListableBeanFactory     : Creating shared instance of singleton bean 'clientHttpRequestFactoryBuilder'
2025-06-26T12:55:04.493+01:00 DEBUG 214097 --- [service-ingestion] [           main] o.s.b.f.s.DefaultListableBeanFactory     : Creating shared instance of singleton bean 'clientHttpRequestFactorySettings'
2025-06-26T12:55:04.495+01:00 DEBUG 214097 --- [service-ingestion] [           main] o.s.b.f.s.DefaultListableBeanFactory     : Creating shared instance of singleton bean 'org.springframework.boot.autoconfigure.info.ProjectInfoAutoConfiguration'
2025-06-26T12:55:04.497+01:00 DEBUG 214097 --- [service-ingestion] [           main] o.s.b.f.s.DefaultListableBeanFactory     : Creating shared instance of singleton bean 'spring.info-org.springframework.boot.autoconfigure.info.ProjectInfoProperties'
2025-06-26T12:55:04.498+01:00 DEBUG 214097 --- [service-ingestion] [           main] o.s.b.f.s.DefaultListableBeanFactory     : Autowiring by type from bean name 'org.springframework.boot.autoconfigure.info.ProjectInfoAutoConfiguration' via constructor to bean named 'spring.info-org.springframework.boot.autoconfigure.info.ProjectInfoProperties'
2025-06-26T12:55:04.499+01:00 DEBUG 214097 --- [service-ingestion] [           main] o.s.b.f.s.DefaultListableBeanFactory     : Creating shared instance of singleton bean 'org.springframework.boot.autoconfigure.kafka.KafkaAnnotationDrivenConfiguration$EnableKafkaConfiguration'
2025-06-26T12:55:04.499+01:00 DEBUG 214097 --- [service-ingestion] [           main] o.s.b.f.s.DefaultListableBeanFactory     : Creating shared instance of singleton bean 'org.springframework.kafka.config.internalKafkaListenerEndpointRegistry'
2025-06-26T12:55:04.500+01:00 DEBUG 214097 --- [service-ingestion] [           main] o.s.b.f.s.DefaultListableBeanFactory     : Creating shared instance of singleton bean 'org.springframework.boot.autoconfigure.kafka.KafkaAnnotationDrivenConfiguration'
2025-06-26T12:55:04.500+01:00 DEBUG 214097 --- [service-ingestion] [           main] o.s.b.f.s.DefaultListableBeanFactory     : Creating shared instance of singleton bean 'spring.kafka-org.springframework.boot.autoconfigure.kafka.KafkaProperties'
2025-06-26T12:55:04.520+01:00 DEBUG 214097 --- [service-ingestion] [           main] o.s.b.f.s.DefaultListableBeanFactory     : Autowiring by type from bean name 'org.springframework.boot.autoconfigure.kafka.KafkaAnnotationDrivenConfiguration' via constructor to bean named 'spring.kafka-org.springframework.boot.autoconfigure.kafka.KafkaProperties'
2025-06-26T12:55:04.525+01:00 DEBUG 214097 --- [service-ingestion] [           main] o.s.b.f.s.DefaultListableBeanFactory     : Creating shared instance of singleton bean 'kafkaListenerContainerFactoryConfigurer'
2025-06-26T12:55:04.529+01:00 DEBUG 214097 --- [service-ingestion] [           main] o.s.b.f.s.DefaultListableBeanFactory     : Creating shared instance of singleton bean 'kafkaListenerContainerFactory'
2025-06-26T12:55:04.532+01:00 DEBUG 214097 --- [service-ingestion] [           main] o.s.b.f.s.DefaultListableBeanFactory     : Autowiring by type from bean name 'kafkaListenerContainerFactory' via factory method to bean named 'kafkaListenerContainerFactoryConfigurer'
2025-06-26T12:55:04.534+01:00 DEBUG 214097 --- [service-ingestion] [           main] o.s.b.f.s.DefaultListableBeanFactory     : Creating shared instance of singleton bean 'kafkaConsumerFactory'
2025-06-26T12:55:04.535+01:00 DEBUG 214097 --- [service-ingestion] [           main] o.s.b.f.s.DefaultListableBeanFactory     : Creating shared instance of singleton bean 'org.springframework.boot.autoconfigure.kafka.KafkaAutoConfiguration'
2025-06-26T12:55:04.537+01:00 DEBUG 214097 --- [service-ingestion] [           main] o.s.b.f.s.DefaultListableBeanFactory     : Autowiring by type from bean name 'org.springframework.boot.autoconfigure.kafka.KafkaAutoConfiguration' via constructor to bean named 'spring.kafka-org.springframework.boot.autoconfigure.kafka.KafkaProperties'
2025-06-26T12:55:04.538+01:00 DEBUG 214097 --- [service-ingestion] [           main] o.s.b.f.s.DefaultListableBeanFactory     : Creating shared instance of singleton bean 'kafkaConnectionDetails'
2025-06-26T12:55:04.538+01:00 DEBUG 214097 --- [service-ingestion] [           main] o.s.b.f.s.DefaultListableBeanFactory     : Autowiring by type from bean name 'kafkaConnectionDetails' via factory method to bean named 'spring.kafka-org.springframework.boot.autoconfigure.kafka.KafkaProperties'
2025-06-26T12:55:04.539+01:00 DEBUG 214097 --- [service-ingestion] [           main] o.s.b.f.s.DefaultListableBeanFactory     : Autowiring by type from bean name 'kafkaConsumerFactory' via factory method to bean named 'kafkaConnectionDetails'
2025-06-26T12:55:04.555+01:00 DEBUG 214097 --- [service-ingestion] [           main] o.s.b.f.s.DefaultListableBeanFactory     : Creating shared instance of singleton bean 'kafkaProducerListener'
2025-06-26T12:55:04.555+01:00 DEBUG 214097 --- [service-ingestion] [           main] o.s.b.f.s.DefaultListableBeanFactory     : Creating shared instance of singleton bean 'kafkaAdmin'
2025-06-26T12:55:04.556+01:00 DEBUG 214097 --- [service-ingestion] [           main] o.s.b.f.s.DefaultListableBeanFactory     : Autowiring by type from bean name 'kafkaAdmin' via factory method to bean named 'kafkaConnectionDetails'
2025-06-26T12:55:04.563+01:00 DEBUG 214097 --- [service-ingestion] [           main] o.s.b.f.s.DefaultListableBeanFactory     : Creating shared instance of singleton bean 'org.springframework.boot.autoconfigure.netty.NettyAutoConfiguration'
2025-06-26T12:55:04.564+01:00 DEBUG 214097 --- [service-ingestion] [           main] o.s.b.f.s.DefaultListableBeanFactory     : Creating shared instance of singleton bean 'spring.netty-org.springframework.boot.autoconfigure.netty.NettyProperties'
2025-06-26T12:55:04.564+01:00 DEBUG 214097 --- [service-ingestion] [           main] o.s.b.f.s.DefaultListableBeanFactory     : Autowiring by type from bean name 'org.springframework.boot.autoconfigure.netty.NettyAutoConfiguration' via constructor to bean named 'spring.netty-org.springframework.boot.autoconfigure.netty.NettyProperties'
2025-06-26T12:55:04.565+01:00 DEBUG 214097 --- [service-ingestion] [           main] o.s.b.f.s.DefaultListableBeanFactory     : Creating shared instance of singleton bean 'org.springframework.boot.autoconfigure.sql.init.SqlInitializationAutoConfiguration'
2025-06-26T12:55:04.565+01:00 DEBUG 214097 --- [service-ingestion] [           main] o.s.b.f.s.DefaultListableBeanFactory     : Creating shared instance of singleton bean 'spring.sql.init-org.springframework.boot.autoconfigure.sql.init.SqlInitializationProperties'
2025-06-26T12:55:04.566+01:00 DEBUG 214097 --- [service-ingestion] [           main] o.s.b.f.s.DefaultListableBeanFactory     : Creating shared instance of singleton bean 'org.springframework.boot.autoconfigure.task.TaskSchedulingConfigurations$ThreadPoolTaskSchedulerBuilderConfiguration'
2025-06-26T12:55:04.566+01:00 DEBUG 214097 --- [service-ingestion] [           main] o.s.b.f.s.DefaultListableBeanFactory     : Creating shared instance of singleton bean 'threadPoolTaskSchedulerBuilder'
2025-06-26T12:55:04.567+01:00 DEBUG 214097 --- [service-ingestion] [           main] o.s.b.f.s.DefaultListableBeanFactory     : Creating shared instance of singleton bean 'spring.task.scheduling-org.springframework.boot.autoconfigure.task.TaskSchedulingProperties'
2025-06-26T12:55:04.568+01:00 DEBUG 214097 --- [service-ingestion] [           main] o.s.b.f.s.DefaultListableBeanFactory     : Autowiring by type from bean name 'threadPoolTaskSchedulerBuilder' via factory method to bean named 'spring.task.scheduling-org.springframework.boot.autoconfigure.task.TaskSchedulingProperties'
2025-06-26T12:55:04.569+01:00 DEBUG 214097 --- [service-ingestion] [           main] o.s.b.f.s.DefaultListableBeanFactory     : Creating shared instance of singleton bean 'org.springframework.boot.autoconfigure.task.TaskSchedulingConfigurations$SimpleAsyncTaskSchedulerBuilderConfiguration'
2025-06-26T12:55:04.570+01:00 DEBUG 214097 --- [service-ingestion] [           main] o.s.b.f.s.DefaultListableBeanFactory     : Autowiring by type from bean name 'org.springframework.boot.autoconfigure.task.TaskSchedulingConfigurations$SimpleAsyncTaskSchedulerBuilderConfiguration' via constructor to bean named 'spring.task.scheduling-org.springframework.boot.autoconfigure.task.TaskSchedulingProperties'
2025-06-26T12:55:04.570+01:00 DEBUG 214097 --- [service-ingestion] [           main] o.s.b.f.s.DefaultListableBeanFactory     : Creating shared instance of singleton bean 'simpleAsyncTaskSchedulerBuilder'
2025-06-26T12:55:04.572+01:00 DEBUG 214097 --- [service-ingestion] [           main] o.s.b.f.s.DefaultListableBeanFactory     : Creating shared instance of singleton bean 'org.springframework.boot.autoconfigure.task.TaskSchedulingAutoConfiguration'
2025-06-26T12:55:04.572+01:00 DEBUG 214097 --- [service-ingestion] [           main] o.s.b.f.s.DefaultListableBeanFactory     : Creating shared instance of singleton bean 'org.springframework.boot.autoconfigure.transaction.TransactionAutoConfiguration'
2025-06-26T12:55:04.573+01:00 DEBUG 214097 --- [service-ingestion] [           main] o.s.b.f.s.DefaultListableBeanFactory     : Creating shared instance of singleton bean 'org.springframework.boot.autoconfigure.web.client.RestClientAutoConfiguration'
2025-06-26T12:55:04.573+01:00 DEBUG 214097 --- [service-ingestion] [           main] o.s.b.f.s.DefaultListableBeanFactory     : Creating shared instance of singleton bean 'httpMessageConvertersRestClientCustomizer'
2025-06-26T12:55:04.573+01:00 DEBUG 214097 --- [service-ingestion] [           main] o.s.b.f.s.DefaultListableBeanFactory     : Creating shared instance of singleton bean 'restClientSsl'
2025-06-26T12:55:04.574+01:00 DEBUG 214097 --- [service-ingestion] [           main] o.s.b.f.s.DefaultListableBeanFactory     : Autowiring by type from bean name 'restClientSsl' via factory method to bean named 'sslBundleRegistry'
2025-06-26T12:55:04.575+01:00 DEBUG 214097 --- [service-ingestion] [           main] o.s.b.f.s.DefaultListableBeanFactory     : Creating shared instance of singleton bean 'restClientBuilderConfigurer'
2025-06-26T12:55:04.576+01:00 DEBUG 214097 --- [service-ingestion] [           main] o.s.b.f.s.DefaultListableBeanFactory     : Creating shared instance of singleton bean 'org.springframework.boot.autoconfigure.web.client.RestTemplateAutoConfiguration'
2025-06-26T12:55:04.576+01:00 DEBUG 214097 --- [service-ingestion] [           main] o.s.b.f.s.DefaultListableBeanFactory     : Creating shared instance of singleton bean 'characterEncodingFilter'
2025-06-26T12:55:04.577+01:00 DEBUG 214097 --- [service-ingestion] [           main] o.s.b.f.s.DefaultListableBeanFactory     : Creating shared instance of singleton bean 'multipartResolver'
2025-06-26T12:55:04.592+01:00  INFO 214097 --- [service-ingestion] [           main] c.b.s.ServiceIngestionApplicationTests   : Started ServiceIngestionApplicationTests in 1.442 seconds (process running for 2.319)
]]></system-out>
  </testcase>
</testsuite>